{"D:\\DevEducation\\Education\\2_Month_HW\\010-Collections\\src\\ts\\AList.ts": {"path":"D:\\DevEducation\\Education\\2_Month_HW\\010-Collections\\src\\ts\\AList.ts","all":false,"statementMap":{"0":{"start":{"line":1,"column":0},"end":{"line":1,"column":31}},"1":{"start":{"line":2,"column":0},"end":{"line":2,"column":0}},"2":{"start":{"line":3,"column":0},"end":{"line":3,"column":37}},"3":{"start":{"line":4,"column":0},"end":{"line":4,"column":28}},"4":{"start":{"line":5,"column":0},"end":{"line":5,"column":25}},"5":{"start":{"line":6,"column":0},"end":{"line":6,"column":0}},"6":{"start":{"line":7,"column":0},"end":{"line":7,"column":17}},"7":{"start":{"line":8,"column":0},"end":{"line":8,"column":23}},"8":{"start":{"line":9,"column":0},"end":{"line":9,"column":5}},"9":{"start":{"line":10,"column":0},"end":{"line":10,"column":44}},"10":{"start":{"line":11,"column":0},"end":{"line":11,"column":35}},"11":{"start":{"line":12,"column":0},"end":{"line":12,"column":46}},"12":{"start":{"line":13,"column":0},"end":{"line":13,"column":56}},"13":{"start":{"line":14,"column":0},"end":{"line":14,"column":45}},"14":{"start":{"line":15,"column":0},"end":{"line":15,"column":27}},"15":{"start":{"line":16,"column":0},"end":{"line":16,"column":13}},"16":{"start":{"line":17,"column":0},"end":{"line":17,"column":28}},"17":{"start":{"line":18,"column":0},"end":{"line":18,"column":28}},"18":{"start":{"line":19,"column":0},"end":{"line":19,"column":26}},"19":{"start":{"line":20,"column":0},"end":{"line":20,"column":9}},"20":{"start":{"line":21,"column":0},"end":{"line":21,"column":5}},"21":{"start":{"line":22,"column":0},"end":{"line":22,"column":0}},"22":{"start":{"line":23,"column":0},"end":{"line":23,"column":19}},"23":{"start":{"line":24,"column":0},"end":{"line":24,"column":30}},"24":{"start":{"line":25,"column":0},"end":{"line":25,"column":21}},"25":{"start":{"line":26,"column":0},"end":{"line":26,"column":5}},"26":{"start":{"line":27,"column":0},"end":{"line":27,"column":0}},"27":{"start":{"line":28,"column":0},"end":{"line":28,"column":23}},"28":{"start":{"line":29,"column":0},"end":{"line":29,"column":25}},"29":{"start":{"line":30,"column":0},"end":{"line":30,"column":5}},"30":{"start":{"line":31,"column":0},"end":{"line":31,"column":0}},"31":{"start":{"line":32,"column":0},"end":{"line":32,"column":21}},"32":{"start":{"line":33,"column":0},"end":{"line":33,"column":36}},"33":{"start":{"line":34,"column":0},"end":{"line":34,"column":19}},"34":{"start":{"line":35,"column":0},"end":{"line":35,"column":5}},"35":{"start":{"line":36,"column":0},"end":{"line":36,"column":0}},"36":{"start":{"line":37,"column":0},"end":{"line":37,"column":28}},"37":{"start":{"line":38,"column":0},"end":{"line":38,"column":46}},"38":{"start":{"line":39,"column":0},"end":{"line":39,"column":37}},"39":{"start":{"line":40,"column":0},"end":{"line":40,"column":9}},"40":{"start":{"line":41,"column":0},"end":{"line":41,"column":5}},"41":{"start":{"line":42,"column":0},"end":{"line":42,"column":0}},"42":{"start":{"line":43,"column":0},"end":{"line":43,"column":24}},"43":{"start":{"line":44,"column":0},"end":{"line":44,"column":33}},"44":{"start":{"line":45,"column":0},"end":{"line":45,"column":5}},"45":{"start":{"line":46,"column":0},"end":{"line":46,"column":0}},"46":{"start":{"line":47,"column":0},"end":{"line":47,"column":26}},"47":{"start":{"line":48,"column":0},"end":{"line":48,"column":0}},"48":{"start":{"line":49,"column":0},"end":{"line":49,"column":45}},"49":{"start":{"line":50,"column":0},"end":{"line":50,"column":0}},"50":{"start":{"line":51,"column":0},"end":{"line":51,"column":41}},"51":{"start":{"line":52,"column":0},"end":{"line":52,"column":47}},"52":{"start":{"line":53,"column":0},"end":{"line":53,"column":37}},"53":{"start":{"line":54,"column":0},"end":{"line":54,"column":28}},"54":{"start":{"line":55,"column":0},"end":{"line":55,"column":0}},"55":{"start":{"line":56,"column":0},"end":{"line":56,"column":34}},"56":{"start":{"line":57,"column":0},"end":{"line":57,"column":13}},"57":{"start":{"line":58,"column":0},"end":{"line":58,"column":9}},"58":{"start":{"line":59,"column":0},"end":{"line":59,"column":5}},"59":{"start":{"line":60,"column":0},"end":{"line":60,"column":0}},"60":{"start":{"line":61,"column":0},"end":{"line":61,"column":25}},"61":{"start":{"line":62,"column":0},"end":{"line":62,"column":26}},"62":{"start":{"line":63,"column":0},"end":{"line":63,"column":5}},"63":{"start":{"line":64,"column":0},"end":{"line":64,"column":0}},"64":{"start":{"line":65,"column":0},"end":{"line":65,"column":24}},"65":{"start":{"line":66,"column":0},"end":{"line":66,"column":24}},"66":{"start":{"line":67,"column":0},"end":{"line":67,"column":0}},"67":{"start":{"line":68,"column":0},"end":{"line":68,"column":44}},"68":{"start":{"line":69,"column":0},"end":{"line":69,"column":44}},"69":{"start":{"line":70,"column":0},"end":{"line":70,"column":9}},"70":{"start":{"line":71,"column":0},"end":{"line":71,"column":0}},"71":{"start":{"line":72,"column":0},"end":{"line":72,"column":22}},"72":{"start":{"line":73,"column":0},"end":{"line":73,"column":5}},"73":{"start":{"line":74,"column":0},"end":{"line":74,"column":0}},"74":{"start":{"line":75,"column":0},"end":{"line":75,"column":29}},"75":{"start":{"line":76,"column":0},"end":{"line":76,"column":0}},"76":{"start":{"line":77,"column":0},"end":{"line":77,"column":46}},"77":{"start":{"line":78,"column":0},"end":{"line":78,"column":39}},"78":{"start":{"line":79,"column":0},"end":{"line":79,"column":27}},"79":{"start":{"line":80,"column":0},"end":{"line":80,"column":13}},"80":{"start":{"line":81,"column":0},"end":{"line":81,"column":9}},"81":{"start":{"line":82,"column":0},"end":{"line":82,"column":0}},"82":{"start":{"line":83,"column":0},"end":{"line":83,"column":21}},"83":{"start":{"line":84,"column":0},"end":{"line":84,"column":5}},"84":{"start":{"line":85,"column":0},"end":{"line":85,"column":0}},"85":{"start":{"line":86,"column":0},"end":{"line":86,"column":24}},"86":{"start":{"line":87,"column":0},"end":{"line":87,"column":32}},"87":{"start":{"line":88,"column":0},"end":{"line":88,"column":0}},"88":{"start":{"line":89,"column":0},"end":{"line":89,"column":45}},"89":{"start":{"line":90,"column":0},"end":{"line":90,"column":0}},"90":{"start":{"line":91,"column":0},"end":{"line":91,"column":38}},"91":{"start":{"line":92,"column":0},"end":{"line":92,"column":36}},"92":{"start":{"line":93,"column":0},"end":{"line":93,"column":13}},"93":{"start":{"line":94,"column":0},"end":{"line":94,"column":0}},"94":{"start":{"line":95,"column":0},"end":{"line":95,"column":9}},"95":{"start":{"line":96,"column":0},"end":{"line":96,"column":0}},"96":{"start":{"line":97,"column":0},"end":{"line":97,"column":19}},"97":{"start":{"line":98,"column":0},"end":{"line":98,"column":5}},"98":{"start":{"line":99,"column":0},"end":{"line":99,"column":0}},"99":{"start":{"line":100,"column":0},"end":{"line":100,"column":24}},"100":{"start":{"line":101,"column":0},"end":{"line":101,"column":32}},"101":{"start":{"line":102,"column":0},"end":{"line":102,"column":0}},"102":{"start":{"line":103,"column":0},"end":{"line":103,"column":45}},"103":{"start":{"line":104,"column":0},"end":{"line":104,"column":0}},"104":{"start":{"line":105,"column":0},"end":{"line":105,"column":38}},"105":{"start":{"line":106,"column":0},"end":{"line":106,"column":36}},"106":{"start":{"line":107,"column":0},"end":{"line":107,"column":13}},"107":{"start":{"line":108,"column":0},"end":{"line":108,"column":9}},"108":{"start":{"line":109,"column":0},"end":{"line":109,"column":0}},"109":{"start":{"line":110,"column":0},"end":{"line":110,"column":19}},"110":{"start":{"line":111,"column":0},"end":{"line":111,"column":5}},"111":{"start":{"line":112,"column":0},"end":{"line":112,"column":0}},"112":{"start":{"line":113,"column":0},"end":{"line":113,"column":24}},"113":{"start":{"line":114,"column":0},"end":{"line":114,"column":32}},"114":{"start":{"line":115,"column":0},"end":{"line":115,"column":25}},"115":{"start":{"line":116,"column":0},"end":{"line":116,"column":0}},"116":{"start":{"line":117,"column":0},"end":{"line":117,"column":45}},"117":{"start":{"line":118,"column":0},"end":{"line":118,"column":0}},"118":{"start":{"line":119,"column":0},"end":{"line":119,"column":38}},"119":{"start":{"line":120,"column":0},"end":{"line":120,"column":36}},"120":{"start":{"line":121,"column":0},"end":{"line":121,"column":29}},"121":{"start":{"line":122,"column":0},"end":{"line":122,"column":13}},"122":{"start":{"line":123,"column":0},"end":{"line":123,"column":9}},"123":{"start":{"line":124,"column":0},"end":{"line":124,"column":0}},"124":{"start":{"line":125,"column":0},"end":{"line":125,"column":24}},"125":{"start":{"line":126,"column":0},"end":{"line":126,"column":5}},"126":{"start":{"line":127,"column":0},"end":{"line":127,"column":0}},"127":{"start":{"line":128,"column":0},"end":{"line":128,"column":24}},"128":{"start":{"line":129,"column":0},"end":{"line":129,"column":32}},"129":{"start":{"line":130,"column":0},"end":{"line":130,"column":25}},"130":{"start":{"line":131,"column":0},"end":{"line":131,"column":0}},"131":{"start":{"line":132,"column":0},"end":{"line":132,"column":45}},"132":{"start":{"line":133,"column":0},"end":{"line":133,"column":0}},"133":{"start":{"line":134,"column":0},"end":{"line":134,"column":38}},"134":{"start":{"line":135,"column":0},"end":{"line":135,"column":36}},"135":{"start":{"line":136,"column":0},"end":{"line":136,"column":29}},"136":{"start":{"line":137,"column":0},"end":{"line":137,"column":13}},"137":{"start":{"line":138,"column":0},"end":{"line":138,"column":9}},"138":{"start":{"line":139,"column":0},"end":{"line":139,"column":0}},"139":{"start":{"line":140,"column":0},"end":{"line":140,"column":24}},"140":{"start":{"line":141,"column":0},"end":{"line":141,"column":5}},"141":{"start":{"line":142,"column":0},"end":{"line":142,"column":0}},"142":{"start":{"line":143,"column":0},"end":{"line":143,"column":20}},"143":{"start":{"line":144,"column":0},"end":{"line":144,"column":24}},"144":{"start":{"line":145,"column":0},"end":{"line":145,"column":18}},"145":{"start":{"line":146,"column":0},"end":{"line":146,"column":0}},"146":{"start":{"line":147,"column":0},"end":{"line":147,"column":45}},"147":{"start":{"line":148,"column":0},"end":{"line":148,"column":34}},"148":{"start":{"line":149,"column":0},"end":{"line":149,"column":42}},"149":{"start":{"line":150,"column":0},"end":{"line":150,"column":9}},"150":{"start":{"line":151,"column":0},"end":{"line":151,"column":5}},"151":{"start":{"line":152,"column":0},"end":{"line":152,"column":0}},"152":{"start":{"line":153,"column":0},"end":{"line":153,"column":24}},"153":{"start":{"line":154,"column":0},"end":{"line":154,"column":16}},"154":{"start":{"line":155,"column":0},"end":{"line":155,"column":0}},"155":{"start":{"line":156,"column":0},"end":{"line":156,"column":34}},"156":{"start":{"line":157,"column":0},"end":{"line":157,"column":38}},"157":{"start":{"line":158,"column":0},"end":{"line":158,"column":16}},"158":{"start":{"line":159,"column":0},"end":{"line":159,"column":32}},"159":{"start":{"line":160,"column":0},"end":{"line":160,"column":9}},"160":{"start":{"line":161,"column":0},"end":{"line":161,"column":0}},"161":{"start":{"line":162,"column":0},"end":{"line":162,"column":24}},"162":{"start":{"line":163,"column":0},"end":{"line":163,"column":0}},"163":{"start":{"line":164,"column":0},"end":{"line":164,"column":52}},"164":{"start":{"line":165,"column":0},"end":{"line":165,"column":42}},"165":{"start":{"line":166,"column":0},"end":{"line":166,"column":9}},"166":{"start":{"line":167,"column":0},"end":{"line":167,"column":0}},"167":{"start":{"line":168,"column":0},"end":{"line":168,"column":34}},"168":{"start":{"line":169,"column":0},"end":{"line":169,"column":41}},"169":{"start":{"line":170,"column":0},"end":{"line":170,"column":27}},"170":{"start":{"line":171,"column":0},"end":{"line":171,"column":9}},"171":{"start":{"line":172,"column":0},"end":{"line":172,"column":0}},"172":{"start":{"line":173,"column":0},"end":{"line":173,"column":44}},"173":{"start":{"line":174,"column":0},"end":{"line":174,"column":39}},"174":{"start":{"line":175,"column":0},"end":{"line":175,"column":9}},"175":{"start":{"line":176,"column":0},"end":{"line":176,"column":5}},"176":{"start":{"line":177,"column":0},"end":{"line":177,"column":0}},"177":{"start":{"line":178,"column":0},"end":{"line":178,"column":38}},"178":{"start":{"line":179,"column":0},"end":{"line":179,"column":25}},"179":{"start":{"line":180,"column":0},"end":{"line":180,"column":0}},"180":{"start":{"line":181,"column":0},"end":{"line":181,"column":45}},"181":{"start":{"line":182,"column":0},"end":{"line":182,"column":32}},"182":{"start":{"line":183,"column":0},"end":{"line":183,"column":0}},"183":{"start":{"line":184,"column":0},"end":{"line":184,"column":52}},"184":{"start":{"line":185,"column":0},"end":{"line":185,"column":0}},"185":{"start":{"line":186,"column":0},"end":{"line":186,"column":49}},"186":{"start":{"line":187,"column":0},"end":{"line":187,"column":35}},"187":{"start":{"line":188,"column":0},"end":{"line":188,"column":17}},"188":{"start":{"line":189,"column":0},"end":{"line":189,"column":13}},"189":{"start":{"line":190,"column":0},"end":{"line":190,"column":35}},"190":{"start":{"line":191,"column":0},"end":{"line":191,"column":57}},"191":{"start":{"line":192,"column":0},"end":{"line":192,"column":13}},"192":{"start":{"line":193,"column":0},"end":{"line":193,"column":9}},"193":{"start":{"line":194,"column":0},"end":{"line":194,"column":29}},"194":{"start":{"line":195,"column":0},"end":{"line":195,"column":37}},"195":{"start":{"line":196,"column":0},"end":{"line":196,"column":5}},"196":{"start":{"line":197,"column":0},"end":{"line":197,"column":0}},"197":{"start":{"line":198,"column":0},"end":{"line":198,"column":38}},"198":{"start":{"line":199,"column":0},"end":{"line":199,"column":25}},"199":{"start":{"line":200,"column":0},"end":{"line":200,"column":45}},"200":{"start":{"line":201,"column":0},"end":{"line":201,"column":32}},"201":{"start":{"line":202,"column":0},"end":{"line":202,"column":0}},"202":{"start":{"line":203,"column":0},"end":{"line":203,"column":52}},"203":{"start":{"line":204,"column":0},"end":{"line":204,"column":0}},"204":{"start":{"line":205,"column":0},"end":{"line":205,"column":49}},"205":{"start":{"line":206,"column":0},"end":{"line":206,"column":35}},"206":{"start":{"line":207,"column":0},"end":{"line":207,"column":17}},"207":{"start":{"line":208,"column":0},"end":{"line":208,"column":13}},"208":{"start":{"line":209,"column":0},"end":{"line":209,"column":36}},"209":{"start":{"line":210,"column":0},"end":{"line":210,"column":57}},"210":{"start":{"line":211,"column":0},"end":{"line":211,"column":13}},"211":{"start":{"line":212,"column":0},"end":{"line":212,"column":9}},"212":{"start":{"line":213,"column":0},"end":{"line":213,"column":29}},"213":{"start":{"line":214,"column":0},"end":{"line":214,"column":37}},"214":{"start":{"line":215,"column":0},"end":{"line":215,"column":5}},"215":{"start":{"line":216,"column":0},"end":{"line":216,"column":0}},"216":{"start":{"line":217,"column":0},"end":{"line":217,"column":18}},"217":{"start":{"line":218,"column":0},"end":{"line":218,"column":52}},"218":{"start":{"line":219,"column":0},"end":{"line":219,"column":0}},"219":{"start":{"line":220,"column":0},"end":{"line":220,"column":47}},"220":{"start":{"line":221,"column":0},"end":{"line":221,"column":0}},"221":{"start":{"line":222,"column":0},"end":{"line":222,"column":53}},"222":{"start":{"line":223,"column":0},"end":{"line":223,"column":0}},"223":{"start":{"line":224,"column":0},"end":{"line":224,"column":27}},"224":{"start":{"line":225,"column":0},"end":{"line":225,"column":13}},"225":{"start":{"line":226,"column":0},"end":{"line":226,"column":0}},"226":{"start":{"line":227,"column":0},"end":{"line":227,"column":26}},"227":{"start":{"line":228,"column":0},"end":{"line":228,"column":29}},"228":{"start":{"line":229,"column":0},"end":{"line":229,"column":31}},"229":{"start":{"line":230,"column":0},"end":{"line":230,"column":0}},"230":{"start":{"line":231,"column":0},"end":{"line":231,"column":50}},"231":{"start":{"line":232,"column":0},"end":{"line":232,"column":0}},"232":{"start":{"line":233,"column":0},"end":{"line":233,"column":37}},"233":{"start":{"line":234,"column":0},"end":{"line":234,"column":47}},"234":{"start":{"line":235,"column":0},"end":{"line":235,"column":24}},"235":{"start":{"line":236,"column":0},"end":{"line":236,"column":53}},"236":{"start":{"line":237,"column":0},"end":{"line":237,"column":17}},"237":{"start":{"line":238,"column":0},"end":{"line":238,"column":13}},"238":{"start":{"line":239,"column":0},"end":{"line":239,"column":0}},"239":{"start":{"line":240,"column":0},"end":{"line":240,"column":75}},"240":{"start":{"line":241,"column":0},"end":{"line":241,"column":9}},"241":{"start":{"line":242,"column":0},"end":{"line":242,"column":24}},"242":{"start":{"line":243,"column":0},"end":{"line":243,"column":5}},"243":{"start":{"line":244,"column":0},"end":{"line":244,"column":0}},"244":{"start":{"line":245,"column":0},"end":{"line":245,"column":19}},"245":{"start":{"line":246,"column":0},"end":{"line":246,"column":45}},"246":{"start":{"line":247,"column":0},"end":{"line":247,"column":38}},"247":{"start":{"line":248,"column":0},"end":{"line":248,"column":9}},"248":{"start":{"line":249,"column":0},"end":{"line":249,"column":5}},"249":{"start":{"line":250,"column":0},"end":{"line":250,"column":1}}},"s":{"0":1,"1":1,"2":1,"3":1,"4":1,"5":1,"6":1,"7":1,"8":21,"9":21,"10":21,"11":21,"12":21,"13":0,"14":0,"15":0,"16":0,"17":0,"18":0,"19":0,"20":21,"21":1,"22":1,"23":1,"24":1,"25":1,"26":1,"27":1,"28":2,"29":2,"30":1,"31":1,"32":1,"33":1,"34":1,"35":1,"36":1,"37":2,"38":1,"39":1,"40":2,"41":1,"42":1,"43":1,"44":1,"45":1,"46":1,"47":1,"48":1,"49":1,"50":1,"51":1,"52":1,"53":1,"54":1,"55":1,"56":1,"57":1,"58":0,"59":1,"60":1,"61":10,"62":10,"63":1,"64":1,"65":1,"66":1,"67":1,"68":3,"69":3,"70":1,"71":1,"72":1,"73":1,"74":1,"75":2,"76":2,"77":4,"78":1,"79":1,"80":4,"81":1,"82":1,"83":1,"84":1,"85":1,"86":1,"87":1,"88":1,"89":4,"90":4,"91":1,"92":1,"93":4,"94":4,"95":1,"96":1,"97":1,"98":1,"99":1,"100":1,"101":1,"102":1,"103":3,"104":3,"105":2,"106":2,"107":3,"108":1,"109":1,"110":1,"111":1,"112":1,"113":1,"114":1,"115":1,"116":1,"117":4,"118":4,"119":1,"120":1,"121":1,"122":4,"123":1,"124":1,"125":1,"126":1,"127":1,"128":1,"129":1,"130":1,"131":1,"132":3,"133":3,"134":2,"135":2,"136":2,"137":3,"138":1,"139":1,"140":1,"141":1,"142":1,"143":1,"144":1,"145":1,"146":1,"147":5,"148":5,"149":5,"150":1,"151":1,"152":1,"153":1,"154":1,"155":1,"156":1,"157":1,"158":0,"159":0,"160":1,"161":1,"162":1,"163":1,"164":3,"165":3,"166":1,"167":1,"168":1,"169":1,"170":1,"171":1,"172":1,"173":2,"174":2,"175":1,"176":1,"177":1,"178":1,"179":1,"180":1,"181":5,"182":5,"183":5,"184":10,"185":10,"186":2,"187":2,"188":10,"189":5,"190":2,"191":2,"192":5,"193":1,"194":1,"195":1,"196":1,"197":1,"198":1,"199":1,"200":5,"201":5,"202":5,"203":10,"204":10,"205":2,"206":2,"207":10,"208":5,"209":3,"210":3,"211":5,"212":1,"213":1,"214":1,"215":1,"216":1,"217":1,"218":1,"219":1,"220":7,"221":7,"222":4,"223":4,"224":4,"225":3,"226":3,"227":3,"228":3,"229":3,"230":7,"231":9,"232":9,"233":5,"234":9,"235":4,"236":4,"237":9,"238":7,"239":7,"240":7,"241":1,"242":1,"243":1,"244":1,"245":1,"246":1,"247":1,"248":1,"249":1},"branchMap":{"0":{"type":"branch","line":8,"loc":{"start":{"line":8,"column":4},"end":{"line":21,"column":5}},"locations":[{"start":{"line":8,"column":4},"end":{"line":21,"column":5}}]},"1":{"type":"branch","line":13,"loc":{"start":{"line":13,"column":9},"end":{"line":20,"column":9}},"locations":[{"start":{"line":13,"column":9},"end":{"line":20,"column":9}}]},"2":{"type":"branch","line":23,"loc":{"start":{"line":23,"column":4},"end":{"line":26,"column":5}},"locations":[{"start":{"line":23,"column":4},"end":{"line":26,"column":5}}]},"3":{"type":"branch","line":28,"loc":{"start":{"line":28,"column":4},"end":{"line":30,"column":5}},"locations":[{"start":{"line":28,"column":4},"end":{"line":30,"column":5}}]},"4":{"type":"branch","line":32,"loc":{"start":{"line":32,"column":4},"end":{"line":35,"column":5}},"locations":[{"start":{"line":32,"column":4},"end":{"line":35,"column":5}}]},"5":{"type":"branch","line":37,"loc":{"start":{"line":37,"column":4},"end":{"line":41,"column":5}},"locations":[{"start":{"line":37,"column":4},"end":{"line":41,"column":5}}]},"6":{"type":"branch","line":38,"loc":{"start":{"line":38,"column":45},"end":{"line":40,"column":9}},"locations":[{"start":{"line":38,"column":45},"end":{"line":40,"column":9}}]},"7":{"type":"branch","line":43,"loc":{"start":{"line":43,"column":4},"end":{"line":45,"column":5}},"locations":[{"start":{"line":43,"column":4},"end":{"line":45,"column":5}}]},"8":{"type":"branch","line":47,"loc":{"start":{"line":47,"column":4},"end":{"line":59,"column":5}},"locations":[{"start":{"line":47,"column":4},"end":{"line":59,"column":5}}]},"9":{"type":"branch","line":59,"loc":{"start":{"line":59,"column":-2},"end":{"line":59,"column":5}},"locations":[{"start":{"line":59,"column":-2},"end":{"line":59,"column":5}}]},"10":{"type":"branch","line":61,"loc":{"start":{"line":61,"column":4},"end":{"line":63,"column":5}},"locations":[{"start":{"line":61,"column":4},"end":{"line":63,"column":5}}]},"11":{"type":"branch","line":65,"loc":{"start":{"line":65,"column":4},"end":{"line":73,"column":5}},"locations":[{"start":{"line":65,"column":4},"end":{"line":73,"column":5}}]},"12":{"type":"branch","line":68,"loc":{"start":{"line":68,"column":43},"end":{"line":70,"column":9}},"locations":[{"start":{"line":68,"column":43},"end":{"line":70,"column":9}}]},"13":{"type":"branch","line":75,"loc":{"start":{"line":75,"column":4},"end":{"line":84,"column":5}},"locations":[{"start":{"line":75,"column":4},"end":{"line":84,"column":5}}]},"14":{"type":"branch","line":77,"loc":{"start":{"line":77,"column":45},"end":{"line":81,"column":9}},"locations":[{"start":{"line":77,"column":45},"end":{"line":81,"column":9}}]},"15":{"type":"branch","line":78,"loc":{"start":{"line":78,"column":38},"end":{"line":80,"column":13}},"locations":[{"start":{"line":78,"column":38},"end":{"line":80,"column":13}}]},"16":{"type":"branch","line":82,"loc":{"start":{"line":82,"column":-2},"end":{"line":84,"column":5}},"locations":[{"start":{"line":82,"column":-2},"end":{"line":84,"column":5}}]},"17":{"type":"branch","line":86,"loc":{"start":{"line":86,"column":4},"end":{"line":98,"column":5}},"locations":[{"start":{"line":86,"column":4},"end":{"line":98,"column":5}}]},"18":{"type":"branch","line":89,"loc":{"start":{"line":89,"column":44},"end":{"line":95,"column":9}},"locations":[{"start":{"line":89,"column":44},"end":{"line":95,"column":9}}]},"19":{"type":"branch","line":91,"loc":{"start":{"line":91,"column":37},"end":{"line":93,"column":13}},"locations":[{"start":{"line":91,"column":37},"end":{"line":93,"column":13}}]},"20":{"type":"branch","line":100,"loc":{"start":{"line":100,"column":4},"end":{"line":111,"column":5}},"locations":[{"start":{"line":100,"column":4},"end":{"line":111,"column":5}}]},"21":{"type":"branch","line":103,"loc":{"start":{"line":103,"column":44},"end":{"line":108,"column":9}},"locations":[{"start":{"line":103,"column":44},"end":{"line":108,"column":9}}]},"22":{"type":"branch","line":105,"loc":{"start":{"line":105,"column":37},"end":{"line":107,"column":13}},"locations":[{"start":{"line":105,"column":37},"end":{"line":107,"column":13}}]},"23":{"type":"branch","line":113,"loc":{"start":{"line":113,"column":4},"end":{"line":126,"column":5}},"locations":[{"start":{"line":113,"column":4},"end":{"line":126,"column":5}}]},"24":{"type":"branch","line":117,"loc":{"start":{"line":117,"column":44},"end":{"line":123,"column":9}},"locations":[{"start":{"line":117,"column":44},"end":{"line":123,"column":9}}]},"25":{"type":"branch","line":119,"loc":{"start":{"line":119,"column":37},"end":{"line":122,"column":13}},"locations":[{"start":{"line":119,"column":37},"end":{"line":122,"column":13}}]},"26":{"type":"branch","line":128,"loc":{"start":{"line":128,"column":4},"end":{"line":141,"column":5}},"locations":[{"start":{"line":128,"column":4},"end":{"line":141,"column":5}}]},"27":{"type":"branch","line":132,"loc":{"start":{"line":132,"column":44},"end":{"line":138,"column":9}},"locations":[{"start":{"line":132,"column":44},"end":{"line":138,"column":9}}]},"28":{"type":"branch","line":134,"loc":{"start":{"line":134,"column":37},"end":{"line":137,"column":13}},"locations":[{"start":{"line":134,"column":37},"end":{"line":137,"column":13}}]},"29":{"type":"branch","line":143,"loc":{"start":{"line":143,"column":4},"end":{"line":151,"column":5}},"locations":[{"start":{"line":143,"column":4},"end":{"line":151,"column":5}}]},"30":{"type":"branch","line":147,"loc":{"start":{"line":147,"column":44},"end":{"line":150,"column":9}},"locations":[{"start":{"line":147,"column":44},"end":{"line":150,"column":9}}]},"31":{"type":"branch","line":153,"loc":{"start":{"line":153,"column":4},"end":{"line":176,"column":5}},"locations":[{"start":{"line":153,"column":4},"end":{"line":176,"column":5}}]},"32":{"type":"branch","line":158,"loc":{"start":{"line":158,"column":9},"end":{"line":160,"column":9}},"locations":[{"start":{"line":158,"column":9},"end":{"line":160,"column":9}}]},"33":{"type":"branch","line":164,"loc":{"start":{"line":164,"column":51},"end":{"line":166,"column":9}},"locations":[{"start":{"line":164,"column":51},"end":{"line":166,"column":9}}]},"34":{"type":"branch","line":173,"loc":{"start":{"line":173,"column":43},"end":{"line":175,"column":9}},"locations":[{"start":{"line":173,"column":43},"end":{"line":175,"column":9}}]},"35":{"type":"branch","line":178,"loc":{"start":{"line":178,"column":4},"end":{"line":196,"column":5}},"locations":[{"start":{"line":178,"column":4},"end":{"line":196,"column":5}}]},"36":{"type":"branch","line":181,"loc":{"start":{"line":181,"column":44},"end":{"line":193,"column":9}},"locations":[{"start":{"line":181,"column":44},"end":{"line":193,"column":9}}]},"37":{"type":"branch","line":184,"loc":{"start":{"line":184,"column":51},"end":{"line":189,"column":13}},"locations":[{"start":{"line":184,"column":51},"end":{"line":189,"column":13}}]},"38":{"type":"branch","line":186,"loc":{"start":{"line":186,"column":48},"end":{"line":188,"column":17}},"locations":[{"start":{"line":186,"column":48},"end":{"line":188,"column":17}}]},"39":{"type":"branch","line":190,"loc":{"start":{"line":190,"column":34},"end":{"line":192,"column":13}},"locations":[{"start":{"line":190,"column":34},"end":{"line":192,"column":13}}]},"40":{"type":"branch","line":198,"loc":{"start":{"line":198,"column":4},"end":{"line":215,"column":5}},"locations":[{"start":{"line":198,"column":4},"end":{"line":215,"column":5}}]},"41":{"type":"branch","line":200,"loc":{"start":{"line":200,"column":44},"end":{"line":212,"column":9}},"locations":[{"start":{"line":200,"column":44},"end":{"line":212,"column":9}}]},"42":{"type":"branch","line":203,"loc":{"start":{"line":203,"column":51},"end":{"line":208,"column":13}},"locations":[{"start":{"line":203,"column":51},"end":{"line":208,"column":13}}]},"43":{"type":"branch","line":205,"loc":{"start":{"line":205,"column":48},"end":{"line":207,"column":17}},"locations":[{"start":{"line":205,"column":48},"end":{"line":207,"column":17}}]},"44":{"type":"branch","line":209,"loc":{"start":{"line":209,"column":35},"end":{"line":211,"column":13}},"locations":[{"start":{"line":209,"column":35},"end":{"line":211,"column":13}}]},"45":{"type":"branch","line":217,"loc":{"start":{"line":217,"column":4},"end":{"line":243,"column":5}},"locations":[{"start":{"line":217,"column":4},"end":{"line":243,"column":5}}]},"46":{"type":"branch","line":220,"loc":{"start":{"line":220,"column":8},"end":{"line":241,"column":9}},"locations":[{"start":{"line":220,"column":8},"end":{"line":241,"column":9}}]},"47":{"type":"branch","line":222,"loc":{"start":{"line":222,"column":32},"end":{"line":222,"column":50}},"locations":[{"start":{"line":222,"column":32},"end":{"line":222,"column":50}}]},"48":{"type":"branch","line":222,"loc":{"start":{"line":222,"column":52},"end":{"line":225,"column":13}},"locations":[{"start":{"line":222,"column":52},"end":{"line":225,"column":13}}]},"49":{"type":"branch","line":226,"loc":{"start":{"line":226,"column":-2},"end":{"line":231,"column":49}},"locations":[{"start":{"line":226,"column":-2},"end":{"line":231,"column":49}}]},"50":{"type":"branch","line":231,"loc":{"start":{"line":231,"column":49},"end":{"line":238,"column":13}},"locations":[{"start":{"line":231,"column":49},"end":{"line":238,"column":13}}]},"51":{"type":"branch","line":233,"loc":{"start":{"line":233,"column":36},"end":{"line":235,"column":23}},"locations":[{"start":{"line":233,"column":36},"end":{"line":235,"column":23}}]},"52":{"type":"branch","line":235,"loc":{"start":{"line":235,"column":17},"end":{"line":237,"column":17}},"locations":[{"start":{"line":235,"column":17},"end":{"line":237,"column":17}}]},"53":{"type":"branch","line":245,"loc":{"start":{"line":245,"column":4},"end":{"line":249,"column":5}},"locations":[{"start":{"line":245,"column":4},"end":{"line":249,"column":5}}]}},"b":{"0":[21],"1":[0],"2":[1],"3":[2],"4":[1],"5":[2],"6":[1],"7":[1],"8":[1],"9":[0],"10":[10],"11":[1],"12":[3],"13":[2],"14":[4],"15":[1],"16":[1],"17":[1],"18":[4],"19":[1],"20":[1],"21":[3],"22":[2],"23":[1],"24":[4],"25":[1],"26":[1],"27":[3],"28":[2],"29":[1],"30":[5],"31":[1],"32":[0],"33":[3],"34":[2],"35":[1],"36":[5],"37":[10],"38":[2],"39":[2],"40":[1],"41":[5],"42":[10],"43":[2],"44":[3],"45":[1],"46":[7],"47":[6],"48":[4],"49":[3],"50":[9],"51":[5],"52":[4],"53":[1]},"fnMap":{"0":{"name":"AList","decl":{"start":{"line":8,"column":4},"end":{"line":21,"column":5}},"loc":{"start":{"line":8,"column":4},"end":{"line":21,"column":5}},"line":8},"1":{"name":"clear","decl":{"start":{"line":23,"column":4},"end":{"line":26,"column":5}},"loc":{"start":{"line":23,"column":4},"end":{"line":26,"column":5}},"line":23},"2":{"name":"getSize","decl":{"start":{"line":28,"column":4},"end":{"line":30,"column":5}},"loc":{"start":{"line":28,"column":4},"end":{"line":30,"column":5}},"line":28},"3":{"name":"add","decl":{"start":{"line":32,"column":4},"end":{"line":35,"column":5}},"loc":{"start":{"line":32,"column":4},"end":{"line":35,"column":5}},"line":32},"4":{"name":"set","decl":{"start":{"line":37,"column":4},"end":{"line":41,"column":5}},"loc":{"start":{"line":37,"column":4},"end":{"line":41,"column":5}},"line":37},"5":{"name":"get","decl":{"start":{"line":43,"column":4},"end":{"line":45,"column":5}},"loc":{"start":{"line":43,"column":4},"end":{"line":45,"column":5}},"line":43},"6":{"name":"remove","decl":{"start":{"line":47,"column":4},"end":{"line":59,"column":5}},"loc":{"start":{"line":47,"column":4},"end":{"line":59,"column":5}},"line":47},"7":{"name":"toArray","decl":{"start":{"line":61,"column":4},"end":{"line":63,"column":5}},"loc":{"start":{"line":61,"column":4},"end":{"line":63,"column":5}},"line":61},"8":{"name":"toString","decl":{"start":{"line":65,"column":4},"end":{"line":73,"column":5}},"loc":{"start":{"line":65,"column":4},"end":{"line":73,"column":5}},"line":65},"9":{"name":"contains","decl":{"start":{"line":75,"column":4},"end":{"line":84,"column":5}},"loc":{"start":{"line":75,"column":4},"end":{"line":84,"column":5}},"line":75},"10":{"name":"minValue","decl":{"start":{"line":86,"column":4},"end":{"line":98,"column":5}},"loc":{"start":{"line":86,"column":4},"end":{"line":98,"column":5}},"line":86},"11":{"name":"maxValue","decl":{"start":{"line":100,"column":4},"end":{"line":111,"column":5}},"loc":{"start":{"line":100,"column":4},"end":{"line":111,"column":5}},"line":100},"12":{"name":"minIndex","decl":{"start":{"line":113,"column":4},"end":{"line":126,"column":5}},"loc":{"start":{"line":113,"column":4},"end":{"line":126,"column":5}},"line":113},"13":{"name":"maxIndex","decl":{"start":{"line":128,"column":4},"end":{"line":141,"column":5}},"loc":{"start":{"line":128,"column":4},"end":{"line":141,"column":5}},"line":128},"14":{"name":"revers","decl":{"start":{"line":143,"column":4},"end":{"line":151,"column":5}},"loc":{"start":{"line":143,"column":4},"end":{"line":151,"column":5}},"line":143},"15":{"name":"halfRevers","decl":{"start":{"line":153,"column":4},"end":{"line":176,"column":5}},"loc":{"start":{"line":153,"column":4},"end":{"line":176,"column":5}},"line":153},"16":{"name":"retainAll","decl":{"start":{"line":178,"column":4},"end":{"line":196,"column":5}},"loc":{"start":{"line":178,"column":4},"end":{"line":196,"column":5}},"line":178},"17":{"name":"removeAll","decl":{"start":{"line":198,"column":4},"end":{"line":215,"column":5}},"loc":{"start":{"line":198,"column":4},"end":{"line":215,"column":5}},"line":198},"18":{"name":"sort","decl":{"start":{"line":217,"column":4},"end":{"line":243,"column":5}},"loc":{"start":{"line":217,"column":4},"end":{"line":243,"column":5}},"line":217},"19":{"name":"getQuickSort","decl":{"start":{"line":220,"column":8},"end":{"line":241,"column":9}},"loc":{"start":{"line":220,"column":8},"end":{"line":241,"column":9}},"line":220},"20":{"name":"print","decl":{"start":{"line":245,"column":4},"end":{"line":249,"column":5}},"loc":{"start":{"line":245,"column":4},"end":{"line":249,"column":5}},"line":245}},"f":{"0":21,"1":1,"2":2,"3":1,"4":2,"5":1,"6":1,"7":10,"8":1,"9":2,"10":1,"11":1,"12":1,"13":1,"14":1,"15":1,"16":1,"17":1,"18":1,"19":7,"20":1}}
,"D:\\DevEducation\\Education\\2_Month_HW\\010-Collections\\src\\ts\\BSTree.ts": {"path":"D:\\DevEducation\\Education\\2_Month_HW\\010-Collections\\src\\ts\\BSTree.ts","all":false,"statementMap":{"0":{"start":{"line":1,"column":0},"end":{"line":1,"column":30}},"1":{"start":{"line":2,"column":0},"end":{"line":2,"column":0}},"2":{"start":{"line":3,"column":0},"end":{"line":3,"column":12}},"3":{"start":{"line":4,"column":0},"end":{"line":4,"column":26}},"4":{"start":{"line":5,"column":0},"end":{"line":5,"column":23}},"5":{"start":{"line":6,"column":0},"end":{"line":6,"column":22}},"6":{"start":{"line":7,"column":0},"end":{"line":7,"column":0}},"7":{"start":{"line":8,"column":0},"end":{"line":8,"column":23}},"8":{"start":{"line":9,"column":0},"end":{"line":9,"column":25}},"9":{"start":{"line":10,"column":0},"end":{"line":10,"column":26}},"10":{"start":{"line":11,"column":0},"end":{"line":11,"column":25}},"11":{"start":{"line":12,"column":0},"end":{"line":12,"column":5}},"12":{"start":{"line":13,"column":0},"end":{"line":13,"column":0}},"13":{"start":{"line":14,"column":0},"end":{"line":14,"column":1}},"14":{"start":{"line":15,"column":0},"end":{"line":15,"column":0}},"15":{"start":{"line":16,"column":0},"end":{"line":16,"column":38}},"16":{"start":{"line":17,"column":0},"end":{"line":17,"column":22}},"17":{"start":{"line":18,"column":0},"end":{"line":18,"column":0}},"18":{"start":{"line":19,"column":0},"end":{"line":19,"column":19}},"19":{"start":{"line":20,"column":0},"end":{"line":20,"column":25}},"20":{"start":{"line":21,"column":0},"end":{"line":21,"column":5}},"21":{"start":{"line":22,"column":0},"end":{"line":22,"column":0}},"22":{"start":{"line":23,"column":0},"end":{"line":23,"column":19}},"23":{"start":{"line":24,"column":0},"end":{"line":24,"column":25}},"24":{"start":{"line":25,"column":0},"end":{"line":25,"column":5}},"25":{"start":{"line":26,"column":0},"end":{"line":26,"column":0}},"26":{"start":{"line":27,"column":0},"end":{"line":27,"column":22}},"27":{"start":{"line":28,"column":0},"end":{"line":28,"column":33}},"28":{"start":{"line":29,"column":0},"end":{"line":29,"column":20}},"29":{"start":{"line":30,"column":0},"end":{"line":30,"column":9}},"30":{"start":{"line":31,"column":0},"end":{"line":31,"column":0}},"31":{"start":{"line":32,"column":0},"end":{"line":32,"column":49}},"32":{"start":{"line":33,"column":0},"end":{"line":33,"column":60}},"33":{"start":{"line":34,"column":0},"end":{"line":34,"column":30}},"34":{"start":{"line":35,"column":0},"end":{"line":35,"column":13}},"35":{"start":{"line":36,"column":0},"end":{"line":36,"column":42}},"36":{"start":{"line":37,"column":0},"end":{"line":37,"column":99}},"37":{"start":{"line":38,"column":0},"end":{"line":38,"column":45}},"38":{"start":{"line":39,"column":0},"end":{"line":39,"column":55}},"39":{"start":{"line":40,"column":0},"end":{"line":40,"column":20}},"40":{"start":{"line":41,"column":0},"end":{"line":41,"column":56}},"41":{"start":{"line":42,"column":0},"end":{"line":42,"column":13}},"42":{"start":{"line":43,"column":0},"end":{"line":43,"column":9}},"43":{"start":{"line":44,"column":0},"end":{"line":44,"column":0}},"44":{"start":{"line":45,"column":0},"end":{"line":45,"column":37}},"45":{"start":{"line":46,"column":0},"end":{"line":46,"column":5}},"46":{"start":{"line":47,"column":0},"end":{"line":47,"column":0}},"47":{"start":{"line":48,"column":0},"end":{"line":48,"column":23}},"48":{"start":{"line":49,"column":0},"end":{"line":49,"column":48}},"49":{"start":{"line":50,"column":0},"end":{"line":50,"column":33}},"50":{"start":{"line":51,"column":0},"end":{"line":51,"column":9}},"51":{"start":{"line":52,"column":0},"end":{"line":52,"column":5}},"52":{"start":{"line":53,"column":0},"end":{"line":53,"column":0}},"53":{"start":{"line":54,"column":0},"end":{"line":54,"column":24}},"54":{"start":{"line":55,"column":0},"end":{"line":55,"column":33}},"55":{"start":{"line":56,"column":0},"end":{"line":56,"column":39}},"56":{"start":{"line":57,"column":0},"end":{"line":57,"column":16}},"57":{"start":{"line":58,"column":0},"end":{"line":58,"column":36}},"58":{"start":{"line":59,"column":0},"end":{"line":59,"column":0}},"59":{"start":{"line":60,"column":0},"end":{"line":60,"column":29}},"60":{"start":{"line":61,"column":0},"end":{"line":61,"column":44}},"61":{"start":{"line":62,"column":0},"end":{"line":62,"column":49}},"62":{"start":{"line":63,"column":0},"end":{"line":63,"column":55}},"63":{"start":{"line":64,"column":0},"end":{"line":64,"column":31}},"64":{"start":{"line":65,"column":0},"end":{"line":65,"column":28}},"65":{"start":{"line":66,"column":0},"end":{"line":66,"column":48}},"66":{"start":{"line":67,"column":0},"end":{"line":67,"column":21}},"67":{"start":{"line":68,"column":0},"end":{"line":68,"column":17}},"68":{"start":{"line":69,"column":0},"end":{"line":69,"column":42}},"69":{"start":{"line":70,"column":0},"end":{"line":70,"column":49}},"70":{"start":{"line":71,"column":0},"end":{"line":71,"column":55}},"71":{"start":{"line":72,"column":0},"end":{"line":72,"column":31}},"72":{"start":{"line":73,"column":0},"end":{"line":73,"column":28}},"73":{"start":{"line":74,"column":0},"end":{"line":74,"column":48}},"74":{"start":{"line":75,"column":0},"end":{"line":75,"column":21}},"75":{"start":{"line":76,"column":0},"end":{"line":76,"column":17}},"76":{"start":{"line":77,"column":0},"end":{"line":77,"column":42}},"77":{"start":{"line":78,"column":0},"end":{"line":78,"column":48}},"78":{"start":{"line":79,"column":0},"end":{"line":79,"column":54}},"79":{"start":{"line":80,"column":0},"end":{"line":80,"column":31}},"80":{"start":{"line":81,"column":0},"end":{"line":81,"column":28}},"81":{"start":{"line":82,"column":0},"end":{"line":82,"column":47}},"82":{"start":{"line":83,"column":0},"end":{"line":83,"column":21}},"83":{"start":{"line":84,"column":0},"end":{"line":84,"column":17}},"84":{"start":{"line":85,"column":0},"end":{"line":85,"column":13}},"85":{"start":{"line":86,"column":0},"end":{"line":86,"column":9}},"86":{"start":{"line":87,"column":0},"end":{"line":87,"column":5}},"87":{"start":{"line":88,"column":0},"end":{"line":88,"column":0}},"88":{"start":{"line":89,"column":0},"end":{"line":89,"column":22}},"89":{"start":{"line":90,"column":0},"end":{"line":90,"column":40}},"90":{"start":{"line":91,"column":0},"end":{"line":91,"column":32}},"91":{"start":{"line":92,"column":0},"end":{"line":92,"column":25}},"92":{"start":{"line":93,"column":0},"end":{"line":93,"column":13}},"93":{"start":{"line":94,"column":0},"end":{"line":94,"column":60}},"94":{"start":{"line":95,"column":0},"end":{"line":95,"column":25}},"95":{"start":{"line":96,"column":0},"end":{"line":96,"column":13}},"96":{"start":{"line":97,"column":0},"end":{"line":97,"column":60}},"97":{"start":{"line":98,"column":0},"end":{"line":98,"column":9}},"98":{"start":{"line":99,"column":0},"end":{"line":99,"column":0}},"99":{"start":{"line":100,"column":0},"end":{"line":100,"column":34}},"100":{"start":{"line":101,"column":0},"end":{"line":101,"column":0}},"101":{"start":{"line":102,"column":0},"end":{"line":102,"column":5}},"102":{"start":{"line":103,"column":0},"end":{"line":103,"column":0}},"103":{"start":{"line":104,"column":0},"end":{"line":104,"column":20}},"104":{"start":{"line":105,"column":0},"end":{"line":105,"column":29}},"105":{"start":{"line":106,"column":0},"end":{"line":106,"column":0}},"106":{"start":{"line":107,"column":0},"end":{"line":107,"column":28}},"107":{"start":{"line":108,"column":0},"end":{"line":108,"column":29}},"108":{"start":{"line":109,"column":0},"end":{"line":109,"column":9}},"109":{"start":{"line":110,"column":0},"end":{"line":110,"column":0}},"110":{"start":{"line":111,"column":0},"end":{"line":111,"column":22}},"111":{"start":{"line":112,"column":0},"end":{"line":112,"column":38}},"112":{"start":{"line":113,"column":0},"end":{"line":113,"column":33}},"113":{"start":{"line":114,"column":0},"end":{"line":114,"column":13}},"114":{"start":{"line":115,"column":0},"end":{"line":115,"column":30}},"115":{"start":{"line":116,"column":0},"end":{"line":116,"column":9}},"116":{"start":{"line":117,"column":0},"end":{"line":117,"column":5}},"117":{"start":{"line":118,"column":0},"end":{"line":118,"column":0}},"118":{"start":{"line":119,"column":0},"end":{"line":119,"column":20}},"119":{"start":{"line":120,"column":0},"end":{"line":120,"column":29}},"120":{"start":{"line":121,"column":0},"end":{"line":121,"column":0}},"121":{"start":{"line":122,"column":0},"end":{"line":122,"column":28}},"122":{"start":{"line":123,"column":0},"end":{"line":123,"column":29}},"123":{"start":{"line":124,"column":0},"end":{"line":124,"column":9}},"124":{"start":{"line":125,"column":0},"end":{"line":125,"column":0}},"125":{"start":{"line":126,"column":0},"end":{"line":126,"column":22}},"126":{"start":{"line":127,"column":0},"end":{"line":127,"column":37}},"127":{"start":{"line":128,"column":0},"end":{"line":128,"column":33}},"128":{"start":{"line":129,"column":0},"end":{"line":129,"column":13}},"129":{"start":{"line":130,"column":0},"end":{"line":130,"column":29}},"130":{"start":{"line":131,"column":0},"end":{"line":131,"column":9}},"131":{"start":{"line":132,"column":0},"end":{"line":132,"column":5}},"132":{"start":{"line":133,"column":0},"end":{"line":133,"column":0}},"133":{"start":{"line":134,"column":0},"end":{"line":134,"column":21}},"134":{"start":{"line":135,"column":0},"end":{"line":135,"column":35}},"135":{"start":{"line":136,"column":0},"end":{"line":136,"column":26}},"136":{"start":{"line":137,"column":0},"end":{"line":137,"column":5}},"137":{"start":{"line":138,"column":0},"end":{"line":138,"column":0}},"138":{"start":{"line":139,"column":0},"end":{"line":139,"column":60}},"139":{"start":{"line":140,"column":0},"end":{"line":140,"column":28}},"140":{"start":{"line":141,"column":0},"end":{"line":141,"column":5}},"141":{"start":{"line":142,"column":0},"end":{"line":142,"column":0}},"142":{"start":{"line":143,"column":0},"end":{"line":143,"column":23}},"143":{"start":{"line":144,"column":0},"end":{"line":144,"column":28}},"144":{"start":{"line":145,"column":0},"end":{"line":145,"column":29}},"145":{"start":{"line":146,"column":0},"end":{"line":146,"column":9}},"146":{"start":{"line":147,"column":0},"end":{"line":147,"column":0}},"147":{"start":{"line":148,"column":0},"end":{"line":148,"column":48}},"148":{"start":{"line":149,"column":0},"end":{"line":149,"column":0}},"149":{"start":{"line":150,"column":0},"end":{"line":150,"column":49}},"150":{"start":{"line":151,"column":0},"end":{"line":151,"column":35}},"151":{"start":{"line":152,"column":0},"end":{"line":152,"column":28}},"152":{"start":{"line":153,"column":0},"end":{"line":153,"column":13}},"153":{"start":{"line":154,"column":0},"end":{"line":154,"column":38}},"154":{"start":{"line":155,"column":0},"end":{"line":155,"column":62}},"155":{"start":{"line":156,"column":0},"end":{"line":156,"column":45}},"156":{"start":{"line":157,"column":0},"end":{"line":157,"column":64}},"157":{"start":{"line":158,"column":0},"end":{"line":158,"column":20}},"158":{"start":{"line":159,"column":0},"end":{"line":159,"column":68}},"159":{"start":{"line":160,"column":0},"end":{"line":160,"column":35}},"160":{"start":{"line":161,"column":0},"end":{"line":161,"column":35}},"161":{"start":{"line":162,"column":0},"end":{"line":162,"column":50}},"162":{"start":{"line":163,"column":0},"end":{"line":163,"column":44}},"163":{"start":{"line":164,"column":0},"end":{"line":164,"column":35}},"164":{"start":{"line":165,"column":0},"end":{"line":165,"column":51}},"165":{"start":{"line":166,"column":0},"end":{"line":166,"column":43}},"166":{"start":{"line":167,"column":0},"end":{"line":167,"column":35}},"167":{"start":{"line":168,"column":0},"end":{"line":168,"column":24}},"168":{"start":{"line":169,"column":0},"end":{"line":169,"column":114}},"169":{"start":{"line":170,"column":0},"end":{"line":170,"column":35}},"170":{"start":{"line":171,"column":0},"end":{"line":171,"column":17}},"171":{"start":{"line":172,"column":0},"end":{"line":172,"column":13}},"172":{"start":{"line":173,"column":0},"end":{"line":173,"column":27}},"173":{"start":{"line":174,"column":0},"end":{"line":174,"column":9}},"174":{"start":{"line":175,"column":0},"end":{"line":175,"column":0}},"175":{"start":{"line":176,"column":0},"end":{"line":176,"column":36}},"176":{"start":{"line":177,"column":0},"end":{"line":177,"column":39}},"177":{"start":{"line":178,"column":0},"end":{"line":178,"column":32}},"178":{"start":{"line":179,"column":0},"end":{"line":179,"column":13}},"179":{"start":{"line":180,"column":0},"end":{"line":180,"column":24}},"180":{"start":{"line":181,"column":0},"end":{"line":181,"column":9}},"181":{"start":{"line":182,"column":0},"end":{"line":182,"column":32}},"182":{"start":{"line":183,"column":0},"end":{"line":183,"column":35}},"183":{"start":{"line":184,"column":0},"end":{"line":184,"column":16}},"184":{"start":{"line":185,"column":0},"end":{"line":185,"column":24}},"185":{"start":{"line":186,"column":0},"end":{"line":186,"column":9}},"186":{"start":{"line":187,"column":0},"end":{"line":187,"column":5}},"187":{"start":{"line":188,"column":0},"end":{"line":188,"column":0}},"188":{"start":{"line":189,"column":0},"end":{"line":189,"column":21}},"189":{"start":{"line":190,"column":0},"end":{"line":190,"column":28}},"190":{"start":{"line":191,"column":0},"end":{"line":191,"column":0}},"191":{"start":{"line":192,"column":0},"end":{"line":192,"column":24}},"192":{"start":{"line":193,"column":0},"end":{"line":193,"column":0}},"193":{"start":{"line":194,"column":0},"end":{"line":194,"column":37}},"194":{"start":{"line":195,"column":0},"end":{"line":195,"column":35}},"195":{"start":{"line":196,"column":0},"end":{"line":196,"column":28}},"196":{"start":{"line":197,"column":0},"end":{"line":197,"column":13}},"197":{"start":{"line":198,"column":0},"end":{"line":198,"column":48}},"198":{"start":{"line":199,"column":0},"end":{"line":199,"column":42}},"199":{"start":{"line":200,"column":0},"end":{"line":200,"column":45}},"200":{"start":{"line":201,"column":0},"end":{"line":201,"column":37}},"201":{"start":{"line":202,"column":0},"end":{"line":202,"column":41}},"202":{"start":{"line":203,"column":0},"end":{"line":203,"column":40}},"203":{"start":{"line":204,"column":0},"end":{"line":204,"column":47}},"204":{"start":{"line":205,"column":0},"end":{"line":205,"column":45}},"205":{"start":{"line":206,"column":0},"end":{"line":206,"column":37}},"206":{"start":{"line":207,"column":0},"end":{"line":207,"column":40}},"207":{"start":{"line":208,"column":0},"end":{"line":208,"column":47}},"208":{"start":{"line":209,"column":0},"end":{"line":209,"column":45}},"209":{"start":{"line":210,"column":0},"end":{"line":210,"column":36}},"210":{"start":{"line":211,"column":0},"end":{"line":211,"column":41}},"211":{"start":{"line":212,"column":0},"end":{"line":212,"column":13}},"212":{"start":{"line":213,"column":0},"end":{"line":213,"column":9}},"213":{"start":{"line":214,"column":0},"end":{"line":214,"column":5}},"214":{"start":{"line":215,"column":0},"end":{"line":215,"column":0}},"215":{"start":{"line":216,"column":0},"end":{"line":216,"column":23}},"216":{"start":{"line":217,"column":0},"end":{"line":217,"column":32}},"217":{"start":{"line":218,"column":0},"end":{"line":218,"column":0}},"218":{"start":{"line":219,"column":0},"end":{"line":219,"column":31}},"219":{"start":{"line":220,"column":0},"end":{"line":220,"column":29}},"220":{"start":{"line":221,"column":0},"end":{"line":221,"column":9}},"221":{"start":{"line":222,"column":0},"end":{"line":222,"column":0}},"222":{"start":{"line":223,"column":0},"end":{"line":223,"column":24}},"223":{"start":{"line":224,"column":0},"end":{"line":224,"column":40}},"224":{"start":{"line":225,"column":0},"end":{"line":225,"column":36}},"225":{"start":{"line":226,"column":0},"end":{"line":226,"column":13}},"226":{"start":{"line":227,"column":0},"end":{"line":227,"column":38}},"227":{"start":{"line":228,"column":0},"end":{"line":228,"column":39}},"228":{"start":{"line":229,"column":0},"end":{"line":229,"column":13}},"229":{"start":{"line":230,"column":0},"end":{"line":230,"column":38}},"230":{"start":{"line":231,"column":0},"end":{"line":231,"column":40}},"231":{"start":{"line":232,"column":0},"end":{"line":232,"column":13}},"232":{"start":{"line":233,"column":0},"end":{"line":233,"column":9}},"233":{"start":{"line":234,"column":0},"end":{"line":234,"column":0}},"234":{"start":{"line":235,"column":0},"end":{"line":235,"column":25}},"235":{"start":{"line":236,"column":0},"end":{"line":236,"column":5}},"236":{"start":{"line":237,"column":0},"end":{"line":237,"column":0}},"237":{"start":{"line":238,"column":0},"end":{"line":238,"column":20}},"238":{"start":{"line":239,"column":0},"end":{"line":239,"column":34}},"239":{"start":{"line":240,"column":0},"end":{"line":240,"column":26}},"240":{"start":{"line":241,"column":0},"end":{"line":241,"column":5}},"241":{"start":{"line":242,"column":0},"end":{"line":242,"column":0}},"242":{"start":{"line":243,"column":0},"end":{"line":243,"column":22}},"243":{"start":{"line":244,"column":0},"end":{"line":244,"column":24}},"244":{"start":{"line":245,"column":0},"end":{"line":245,"column":37}},"245":{"start":{"line":246,"column":0},"end":{"line":246,"column":0}},"246":{"start":{"line":247,"column":0},"end":{"line":247,"column":50}},"247":{"start":{"line":248,"column":0},"end":{"line":248,"column":26}},"248":{"start":{"line":249,"column":0},"end":{"line":249,"column":48}},"249":{"start":{"line":250,"column":0},"end":{"line":250,"column":42}},"250":{"start":{"line":251,"column":0},"end":{"line":251,"column":49}},"251":{"start":{"line":252,"column":0},"end":{"line":252,"column":13}},"252":{"start":{"line":253,"column":0},"end":{"line":253,"column":9}},"253":{"start":{"line":254,"column":0},"end":{"line":254,"column":22}},"254":{"start":{"line":255,"column":0},"end":{"line":255,"column":5}},"255":{"start":{"line":256,"column":0},"end":{"line":256,"column":0}},"256":{"start":{"line":257,"column":0},"end":{"line":257,"column":21}},"257":{"start":{"line":258,"column":0},"end":{"line":258,"column":21}},"258":{"start":{"line":259,"column":0},"end":{"line":259,"column":24}},"259":{"start":{"line":260,"column":0},"end":{"line":260,"column":0}},"260":{"start":{"line":261,"column":0},"end":{"line":261,"column":33}},"261":{"start":{"line":262,"column":0},"end":{"line":262,"column":21}},"262":{"start":{"line":263,"column":0},"end":{"line":263,"column":9}},"263":{"start":{"line":264,"column":0},"end":{"line":264,"column":0}},"264":{"start":{"line":265,"column":0},"end":{"line":265,"column":66}},"265":{"start":{"line":266,"column":0},"end":{"line":266,"column":21}},"266":{"start":{"line":267,"column":0},"end":{"line":267,"column":9}},"267":{"start":{"line":268,"column":0},"end":{"line":268,"column":0}},"268":{"start":{"line":269,"column":0},"end":{"line":269,"column":50}},"269":{"start":{"line":270,"column":0},"end":{"line":270,"column":45}},"270":{"start":{"line":271,"column":0},"end":{"line":271,"column":0}},"271":{"start":{"line":272,"column":0},"end":{"line":272,"column":33}},"272":{"start":{"line":273,"column":0},"end":{"line":273,"column":31}},"273":{"start":{"line":274,"column":0},"end":{"line":274,"column":13}},"274":{"start":{"line":275,"column":0},"end":{"line":275,"column":9}},"275":{"start":{"line":276,"column":0},"end":{"line":276,"column":0}},"276":{"start":{"line":277,"column":0},"end":{"line":277,"column":47}},"277":{"start":{"line":278,"column":0},"end":{"line":278,"column":35}},"278":{"start":{"line":279,"column":0},"end":{"line":279,"column":25}},"279":{"start":{"line":280,"column":0},"end":{"line":280,"column":13}},"280":{"start":{"line":281,"column":0},"end":{"line":281,"column":0}},"281":{"start":{"line":282,"column":0},"end":{"line":282,"column":30}},"282":{"start":{"line":283,"column":0},"end":{"line":283,"column":25}},"283":{"start":{"line":284,"column":0},"end":{"line":284,"column":13}},"284":{"start":{"line":285,"column":0},"end":{"line":285,"column":0}},"285":{"start":{"line":286,"column":0},"end":{"line":286,"column":98}},"286":{"start":{"line":287,"column":0},"end":{"line":287,"column":9}},"287":{"start":{"line":288,"column":0},"end":{"line":288,"column":23}},"288":{"start":{"line":289,"column":0},"end":{"line":289,"column":5}},"289":{"start":{"line":290,"column":0},"end":{"line":290,"column":1}}},"s":{"0":1,"1":1,"2":1,"3":1,"4":1,"5":1,"6":1,"7":1,"8":106,"9":106,"10":106,"11":106,"12":1,"13":1,"14":1,"15":1,"16":1,"17":1,"18":1,"19":24,"20":24,"21":1,"22":1,"23":1,"24":1,"25":1,"26":1,"27":6,"28":1,"29":1,"30":6,"31":6,"32":29,"33":14,"34":14,"35":29,"36":9,"37":29,"38":2,"39":6,"40":4,"41":4,"42":29,"43":6,"44":6,"45":6,"46":1,"47":1,"48":23,"49":105,"50":105,"51":23,"52":1,"53":1,"54":106,"55":22,"56":106,"57":84,"58":84,"59":84,"60":143,"61":0,"62":0,"63":0,"64":0,"65":0,"66":0,"67":0,"68":143,"69":64,"70":42,"71":42,"72":64,"73":22,"74":22,"75":64,"76":143,"77":89,"78":42,"79":42,"80":89,"81":47,"82":47,"83":89,"84":143,"85":84,"86":106,"87":1,"88":1,"89":0,"90":0,"91":0,"92":0,"93":0,"94":0,"95":0,"96":0,"97":0,"98":0,"99":0,"100":0,"101":0,"102":1,"103":1,"104":1,"105":1,"106":1,"107":0,"108":0,"109":1,"110":1,"111":1,"112":1,"113":1,"114":1,"115":1,"116":1,"117":1,"118":1,"119":1,"120":1,"121":1,"122":0,"123":0,"124":1,"125":1,"126":4,"127":1,"128":1,"129":4,"130":4,"131":1,"132":1,"133":1,"134":1,"135":1,"136":1,"137":1,"138":1,"139":2,"140":2,"141":1,"142":1,"143":8,"144":1,"145":1,"146":8,"147":8,"148":8,"149":8,"150":14,"151":4,"152":4,"153":14,"154":1,"155":14,"156":4,"157":9,"158":5,"159":1,"160":1,"161":5,"162":2,"163":2,"164":2,"165":0,"166":0,"167":2,"168":2,"169":2,"170":2,"171":5,"172":5,"173":5,"174":8,"175":8,"176":4,"177":2,"178":2,"179":4,"180":4,"181":8,"182":6,"183":8,"184":1,"185":1,"186":8,"187":1,"188":1,"189":2,"190":2,"191":2,"192":2,"193":2,"194":12,"195":4,"196":4,"197":12,"198":2,"199":2,"200":2,"201":2,"202":2,"203":12,"204":5,"205":5,"206":5,"207":6,"208":1,"209":1,"210":1,"211":1,"212":12,"213":2,"214":1,"215":1,"216":2,"217":2,"218":2,"219":0,"220":0,"221":2,"222":2,"223":5,"224":2,"225":2,"226":5,"227":1,"228":1,"229":5,"230":2,"231":2,"232":5,"233":2,"234":2,"235":2,"236":1,"237":1,"238":1,"239":1,"240":1,"241":1,"242":1,"243":8,"244":8,"245":8,"246":8,"247":80,"248":36,"249":36,"250":36,"251":36,"252":80,"253":8,"254":8,"255":1,"256":1,"257":1,"258":1,"259":1,"260":1,"261":0,"262":0,"263":1,"264":1,"265":0,"266":0,"267":1,"268":1,"269":3,"270":3,"271":3,"272":3,"273":3,"274":3,"275":1,"276":1,"277":11,"278":1,"279":1,"280":11,"281":11,"282":6,"283":6,"284":4,"285":4,"286":4,"287":1,"288":1,"289":1},"branchMap":{"0":{"type":"branch","line":8,"loc":{"start":{"line":8,"column":4},"end":{"line":12,"column":5}},"locations":[{"start":{"line":8,"column":4},"end":{"line":12,"column":5}}]},"1":{"type":"branch","line":19,"loc":{"start":{"line":19,"column":4},"end":{"line":21,"column":5}},"locations":[{"start":{"line":19,"column":4},"end":{"line":21,"column":5}}]},"2":{"type":"branch","line":23,"loc":{"start":{"line":23,"column":4},"end":{"line":25,"column":5}},"locations":[{"start":{"line":23,"column":4},"end":{"line":25,"column":5}}]},"3":{"type":"branch","line":27,"loc":{"start":{"line":27,"column":4},"end":{"line":46,"column":5}},"locations":[{"start":{"line":27,"column":4},"end":{"line":46,"column":5}}]},"4":{"type":"branch","line":28,"loc":{"start":{"line":28,"column":32},"end":{"line":30,"column":9}},"locations":[{"start":{"line":28,"column":32},"end":{"line":30,"column":9}}]},"5":{"type":"branch","line":32,"loc":{"start":{"line":32,"column":8},"end":{"line":43,"column":9}},"locations":[{"start":{"line":32,"column":8},"end":{"line":43,"column":9}}]},"6":{"type":"branch","line":33,"loc":{"start":{"line":33,"column":35},"end":{"line":33,"column":57}},"locations":[{"start":{"line":33,"column":35},"end":{"line":33,"column":57}}]},"7":{"type":"branch","line":33,"loc":{"start":{"line":33,"column":59},"end":{"line":35,"column":13}},"locations":[{"start":{"line":33,"column":59},"end":{"line":35,"column":13}}]},"8":{"type":"branch","line":36,"loc":{"start":{"line":36,"column":26},"end":{"line":36,"column":39}},"locations":[{"start":{"line":36,"column":26},"end":{"line":36,"column":39}}]},"9":{"type":"branch","line":36,"loc":{"start":{"line":36,"column":41},"end":{"line":38,"column":19}},"locations":[{"start":{"line":36,"column":41},"end":{"line":38,"column":19}}]},"10":{"type":"branch","line":38,"loc":{"start":{"line":38,"column":13},"end":{"line":42,"column":13}},"locations":[{"start":{"line":38,"column":13},"end":{"line":42,"column":13}}]},"11":{"type":"branch","line":38,"loc":{"start":{"line":38,"column":44},"end":{"line":40,"column":19}},"locations":[{"start":{"line":38,"column":44},"end":{"line":40,"column":19}}]},"12":{"type":"branch","line":40,"loc":{"start":{"line":40,"column":13},"end":{"line":42,"column":13}},"locations":[{"start":{"line":40,"column":13},"end":{"line":42,"column":13}}]},"13":{"type":"branch","line":48,"loc":{"start":{"line":48,"column":4},"end":{"line":52,"column":5}},"locations":[{"start":{"line":48,"column":4},"end":{"line":52,"column":5}}]},"14":{"type":"branch","line":49,"loc":{"start":{"line":49,"column":47},"end":{"line":51,"column":9}},"locations":[{"start":{"line":49,"column":47},"end":{"line":51,"column":9}}]},"15":{"type":"branch","line":54,"loc":{"start":{"line":54,"column":4},"end":{"line":87,"column":5}},"locations":[{"start":{"line":54,"column":4},"end":{"line":87,"column":5}}]},"16":{"type":"branch","line":55,"loc":{"start":{"line":55,"column":32},"end":{"line":57,"column":15}},"locations":[{"start":{"line":55,"column":32},"end":{"line":57,"column":15}}]},"17":{"type":"branch","line":57,"loc":{"start":{"line":57,"column":9},"end":{"line":86,"column":9}},"locations":[{"start":{"line":57,"column":9},"end":{"line":86,"column":9}}]},"18":{"type":"branch","line":60,"loc":{"start":{"line":60,"column":28},"end":{"line":85,"column":13}},"locations":[{"start":{"line":60,"column":28},"end":{"line":85,"column":13}}]},"19":{"type":"branch","line":61,"loc":{"start":{"line":61,"column":43},"end":{"line":68,"column":17}},"locations":[{"start":{"line":61,"column":43},"end":{"line":68,"column":17}}]},"20":{"type":"branch","line":69,"loc":{"start":{"line":69,"column":41},"end":{"line":76,"column":17}},"locations":[{"start":{"line":69,"column":41},"end":{"line":76,"column":17}}]},"21":{"type":"branch","line":70,"loc":{"start":{"line":70,"column":48},"end":{"line":73,"column":27}},"locations":[{"start":{"line":70,"column":48},"end":{"line":73,"column":27}}]},"22":{"type":"branch","line":73,"loc":{"start":{"line":73,"column":21},"end":{"line":75,"column":21}},"locations":[{"start":{"line":73,"column":21},"end":{"line":75,"column":21}}]},"23":{"type":"branch","line":77,"loc":{"start":{"line":77,"column":-2},"end":{"line":77,"column":41}},"locations":[{"start":{"line":77,"column":-2},"end":{"line":77,"column":41}}]},"24":{"type":"branch","line":77,"loc":{"start":{"line":77,"column":41},"end":{"line":84,"column":17}},"locations":[{"start":{"line":77,"column":41},"end":{"line":84,"column":17}}]},"25":{"type":"branch","line":78,"loc":{"start":{"line":78,"column":47},"end":{"line":81,"column":27}},"locations":[{"start":{"line":78,"column":47},"end":{"line":81,"column":27}}]},"26":{"type":"branch","line":81,"loc":{"start":{"line":81,"column":21},"end":{"line":83,"column":21}},"locations":[{"start":{"line":81,"column":21},"end":{"line":83,"column":21}}]},"27":{"type":"branch","line":104,"loc":{"start":{"line":104,"column":4},"end":{"line":117,"column":5}},"locations":[{"start":{"line":104,"column":4},"end":{"line":117,"column":5}}]},"28":{"type":"branch","line":107,"loc":{"start":{"line":107,"column":27},"end":{"line":109,"column":9}},"locations":[{"start":{"line":107,"column":27},"end":{"line":109,"column":9}}]},"29":{"type":"branch","line":119,"loc":{"start":{"line":119,"column":4},"end":{"line":132,"column":5}},"locations":[{"start":{"line":119,"column":4},"end":{"line":132,"column":5}}]},"30":{"type":"branch","line":122,"loc":{"start":{"line":122,"column":27},"end":{"line":124,"column":9}},"locations":[{"start":{"line":122,"column":27},"end":{"line":124,"column":9}}]},"31":{"type":"branch","line":126,"loc":{"start":{"line":126,"column":21},"end":{"line":131,"column":9}},"locations":[{"start":{"line":126,"column":21},"end":{"line":131,"column":9}}]},"32":{"type":"branch","line":127,"loc":{"start":{"line":127,"column":36},"end":{"line":129,"column":13}},"locations":[{"start":{"line":127,"column":36},"end":{"line":129,"column":13}}]},"33":{"type":"branch","line":134,"loc":{"start":{"line":134,"column":4},"end":{"line":137,"column":5}},"locations":[{"start":{"line":134,"column":4},"end":{"line":137,"column":5}}]},"34":{"type":"branch","line":139,"loc":{"start":{"line":139,"column":4},"end":{"line":141,"column":5}},"locations":[{"start":{"line":139,"column":4},"end":{"line":141,"column":5}}]},"35":{"type":"branch","line":143,"loc":{"start":{"line":143,"column":4},"end":{"line":187,"column":5}},"locations":[{"start":{"line":143,"column":4},"end":{"line":187,"column":5}}]},"36":{"type":"branch","line":144,"loc":{"start":{"line":144,"column":27},"end":{"line":146,"column":9}},"locations":[{"start":{"line":144,"column":27},"end":{"line":146,"column":9}}]},"37":{"type":"branch","line":182,"loc":{"start":{"line":182,"column":31},"end":{"line":184,"column":15}},"locations":[{"start":{"line":182,"column":31},"end":{"line":184,"column":15}}]},"38":{"type":"branch","line":184,"loc":{"start":{"line":184,"column":9},"end":{"line":186,"column":9}},"locations":[{"start":{"line":184,"column":9},"end":{"line":186,"column":9}}]},"39":{"type":"branch","line":150,"loc":{"start":{"line":150,"column":8},"end":{"line":174,"column":9}},"locations":[{"start":{"line":150,"column":8},"end":{"line":174,"column":9}}]},"40":{"type":"branch","line":151,"loc":{"start":{"line":151,"column":34},"end":{"line":153,"column":13}},"locations":[{"start":{"line":151,"column":34},"end":{"line":153,"column":13}}]},"41":{"type":"branch","line":154,"loc":{"start":{"line":154,"column":37},"end":{"line":156,"column":19}},"locations":[{"start":{"line":154,"column":37},"end":{"line":156,"column":19}}]},"42":{"type":"branch","line":156,"loc":{"start":{"line":156,"column":13},"end":{"line":172,"column":13}},"locations":[{"start":{"line":156,"column":13},"end":{"line":172,"column":13}}]},"43":{"type":"branch","line":156,"loc":{"start":{"line":156,"column":44},"end":{"line":158,"column":19}},"locations":[{"start":{"line":156,"column":44},"end":{"line":158,"column":19}}]},"44":{"type":"branch","line":158,"loc":{"start":{"line":158,"column":13},"end":{"line":172,"column":13}},"locations":[{"start":{"line":158,"column":13},"end":{"line":172,"column":13}}]},"45":{"type":"branch","line":159,"loc":{"start":{"line":159,"column":40},"end":{"line":159,"column":65}},"locations":[{"start":{"line":159,"column":40},"end":{"line":159,"column":65}}]},"46":{"type":"branch","line":159,"loc":{"start":{"line":159,"column":67},"end":{"line":162,"column":23}},"locations":[{"start":{"line":159,"column":67},"end":{"line":162,"column":23}}]},"47":{"type":"branch","line":162,"loc":{"start":{"line":162,"column":17},"end":{"line":171,"column":17}},"locations":[{"start":{"line":162,"column":17},"end":{"line":171,"column":17}}]},"48":{"type":"branch","line":162,"loc":{"start":{"line":162,"column":49},"end":{"line":171,"column":17}},"locations":[{"start":{"line":162,"column":49},"end":{"line":171,"column":17}}]},"49":{"type":"branch","line":165,"loc":{"start":{"line":165,"column":50},"end":{"line":168,"column":23}},"locations":[{"start":{"line":165,"column":50},"end":{"line":168,"column":23}}]},"50":{"type":"branch","line":173,"loc":{"start":{"line":173,"column":-2},"end":{"line":174,"column":9}},"locations":[{"start":{"line":173,"column":-2},"end":{"line":174,"column":9}}]},"51":{"type":"branch","line":176,"loc":{"start":{"line":176,"column":8},"end":{"line":181,"column":9}},"locations":[{"start":{"line":176,"column":8},"end":{"line":181,"column":9}}]},"52":{"type":"branch","line":177,"loc":{"start":{"line":177,"column":23},"end":{"line":177,"column":36}},"locations":[{"start":{"line":177,"column":23},"end":{"line":177,"column":36}}]},"53":{"type":"branch","line":177,"loc":{"start":{"line":177,"column":38},"end":{"line":179,"column":13}},"locations":[{"start":{"line":177,"column":38},"end":{"line":179,"column":13}}]},"54":{"type":"branch","line":189,"loc":{"start":{"line":189,"column":4},"end":{"line":214,"column":5}},"locations":[{"start":{"line":189,"column":4},"end":{"line":214,"column":5}}]},"55":{"type":"branch","line":194,"loc":{"start":{"line":194,"column":8},"end":{"line":213,"column":9}},"locations":[{"start":{"line":194,"column":8},"end":{"line":213,"column":9}}]},"56":{"type":"branch","line":195,"loc":{"start":{"line":195,"column":34},"end":{"line":197,"column":13}},"locations":[{"start":{"line":195,"column":34},"end":{"line":197,"column":13}}]},"57":{"type":"branch","line":198,"loc":{"start":{"line":198,"column":-2},"end":{"line":198,"column":32}},"locations":[{"start":{"line":198,"column":-2},"end":{"line":198,"column":32}}]},"58":{"type":"branch","line":198,"loc":{"start":{"line":198,"column":28},"end":{"line":198,"column":45}},"locations":[{"start":{"line":198,"column":28},"end":{"line":198,"column":45}}]},"59":{"type":"branch","line":198,"loc":{"start":{"line":198,"column":47},"end":{"line":204,"column":19}},"locations":[{"start":{"line":198,"column":47},"end":{"line":204,"column":19}}]},"60":{"type":"branch","line":204,"loc":{"start":{"line":204,"column":13},"end":{"line":212,"column":13}},"locations":[{"start":{"line":204,"column":13},"end":{"line":212,"column":13}}]},"61":{"type":"branch","line":204,"loc":{"start":{"line":204,"column":46},"end":{"line":208,"column":19}},"locations":[{"start":{"line":204,"column":46},"end":{"line":208,"column":19}}]},"62":{"type":"branch","line":208,"loc":{"start":{"line":208,"column":13},"end":{"line":212,"column":13}},"locations":[{"start":{"line":208,"column":13},"end":{"line":212,"column":13}}]},"63":{"type":"branch","line":216,"loc":{"start":{"line":216,"column":4},"end":{"line":236,"column":5}},"locations":[{"start":{"line":216,"column":4},"end":{"line":236,"column":5}}]},"64":{"type":"branch","line":219,"loc":{"start":{"line":219,"column":30},"end":{"line":221,"column":9}},"locations":[{"start":{"line":219,"column":30},"end":{"line":221,"column":9}}]},"65":{"type":"branch","line":223,"loc":{"start":{"line":223,"column":23},"end":{"line":233,"column":9}},"locations":[{"start":{"line":223,"column":23},"end":{"line":233,"column":9}}]},"66":{"type":"branch","line":224,"loc":{"start":{"line":224,"column":39},"end":{"line":226,"column":13}},"locations":[{"start":{"line":224,"column":39},"end":{"line":226,"column":13}}]},"67":{"type":"branch","line":227,"loc":{"start":{"line":227,"column":37},"end":{"line":229,"column":13}},"locations":[{"start":{"line":227,"column":37},"end":{"line":229,"column":13}}]},"68":{"type":"branch","line":230,"loc":{"start":{"line":230,"column":-2},"end":{"line":230,"column":37}},"locations":[{"start":{"line":230,"column":-2},"end":{"line":230,"column":37}}]},"69":{"type":"branch","line":230,"loc":{"start":{"line":230,"column":37},"end":{"line":232,"column":13}},"locations":[{"start":{"line":230,"column":37},"end":{"line":232,"column":13}}]},"70":{"type":"branch","line":238,"loc":{"start":{"line":238,"column":4},"end":{"line":241,"column":5}},"locations":[{"start":{"line":238,"column":4},"end":{"line":241,"column":5}}]},"71":{"type":"branch","line":243,"loc":{"start":{"line":243,"column":4},"end":{"line":255,"column":5}},"locations":[{"start":{"line":243,"column":4},"end":{"line":255,"column":5}}]},"72":{"type":"branch","line":247,"loc":{"start":{"line":247,"column":8},"end":{"line":253,"column":9}},"locations":[{"start":{"line":247,"column":8},"end":{"line":253,"column":9}}]},"73":{"type":"branch","line":248,"loc":{"start":{"line":248,"column":25},"end":{"line":252,"column":13}},"locations":[{"start":{"line":248,"column":25},"end":{"line":252,"column":13}}]},"74":{"type":"branch","line":257,"loc":{"start":{"line":257,"column":4},"end":{"line":289,"column":5}},"locations":[{"start":{"line":257,"column":4},"end":{"line":289,"column":5}}]},"75":{"type":"branch","line":261,"loc":{"start":{"line":261,"column":32},"end":{"line":263,"column":9}},"locations":[{"start":{"line":261,"column":32},"end":{"line":263,"column":9}}]},"76":{"type":"branch","line":265,"loc":{"start":{"line":265,"column":36},"end":{"line":265,"column":63}},"locations":[{"start":{"line":265,"column":36},"end":{"line":265,"column":63}}]},"77":{"type":"branch","line":265,"loc":{"start":{"line":265,"column":65},"end":{"line":267,"column":9}},"locations":[{"start":{"line":265,"column":65},"end":{"line":267,"column":9}}]},"78":{"type":"branch","line":269,"loc":{"start":{"line":269,"column":49},"end":{"line":275,"column":9}},"locations":[{"start":{"line":269,"column":49},"end":{"line":275,"column":9}}]},"79":{"type":"branch","line":277,"loc":{"start":{"line":277,"column":8},"end":{"line":287,"column":9}},"locations":[{"start":{"line":277,"column":8},"end":{"line":287,"column":9}}]},"80":{"type":"branch","line":278,"loc":{"start":{"line":278,"column":34},"end":{"line":280,"column":13}},"locations":[{"start":{"line":278,"column":34},"end":{"line":280,"column":13}}]},"81":{"type":"branch","line":282,"loc":{"start":{"line":282,"column":29},"end":{"line":284,"column":13}},"locations":[{"start":{"line":282,"column":29},"end":{"line":284,"column":13}}]},"82":{"type":"branch","line":285,"loc":{"start":{"line":285,"column":-2},"end":{"line":287,"column":9}},"locations":[{"start":{"line":285,"column":-2},"end":{"line":287,"column":9}}]}},"b":{"0":[106],"1":[24],"2":[1],"3":[6],"4":[1],"5":[29],"6":[16],"7":[14],"8":[13],"9":[9],"10":[6],"11":[2],"12":[4],"13":[23],"14":[105],"15":[106],"16":[22],"17":[84],"18":[143],"19":[0],"20":[64],"21":[42],"22":[22],"23":[101],"24":[89],"25":[42],"26":[47],"27":[1],"28":[0],"29":[1],"30":[0],"31":[4],"32":[1],"33":[1],"34":[2],"35":[8],"36":[1],"37":[6],"38":[1],"39":[14],"40":[4],"41":[1],"42":[9],"43":[4],"44":[5],"45":[3],"46":[1],"47":[4],"48":[2],"49":[0],"50":[5],"51":[4],"52":[6],"53":[2],"54":[2],"55":[12],"56":[4],"57":[8],"58":[3],"59":[2],"60":[6],"61":[5],"62":[1],"63":[2],"64":[0],"65":[5],"66":[2],"67":[1],"68":[3],"69":[2],"70":[1],"71":[8],"72":[80],"73":[36],"74":[1],"75":[0],"76":[0],"77":[0],"78":[3],"79":[11],"80":[1],"81":[6],"82":[4]},"fnMap":{"0":{"name":"Node","decl":{"start":{"line":8,"column":4},"end":{"line":12,"column":5}},"loc":{"start":{"line":8,"column":4},"end":{"line":12,"column":5}},"line":8},"1":{"name":"BSTree","decl":{"start":{"line":19,"column":4},"end":{"line":21,"column":5}},"loc":{"start":{"line":19,"column":4},"end":{"line":21,"column":5}},"line":19},"2":{"name":"clear","decl":{"start":{"line":23,"column":4},"end":{"line":25,"column":5}},"loc":{"start":{"line":23,"column":4},"end":{"line":25,"column":5}},"line":23},"3":{"name":"height","decl":{"start":{"line":27,"column":4},"end":{"line":46,"column":5}},"loc":{"start":{"line":27,"column":4},"end":{"line":46,"column":5}},"line":27},"4":{"name":"counterH","decl":{"start":{"line":32,"column":8},"end":{"line":43,"column":9}},"loc":{"start":{"line":32,"column":8},"end":{"line":43,"column":9}},"line":32},"5":{"name":"init","decl":{"start":{"line":48,"column":4},"end":{"line":52,"column":5}},"loc":{"start":{"line":48,"column":4},"end":{"line":52,"column":5}},"line":48},"6":{"name":"insert","decl":{"start":{"line":54,"column":4},"end":{"line":87,"column":5}},"loc":{"start":{"line":54,"column":4},"end":{"line":87,"column":5}},"line":54},"7":{"name":"leaves","decl":{"start":{"line":89,"column":4},"end":{"line":102,"column":5}},"loc":{"start":{"line":89,"column":4},"end":{"line":102,"column":5}},"line":89},"8":{"name":"maxNode","decl":{"start":{"line":104,"column":4},"end":{"line":117,"column":5}},"loc":{"start":{"line":104,"column":4},"end":{"line":117,"column":5}},"line":104},"9":{"name":"minNode","decl":{"start":{"line":119,"column":4},"end":{"line":132,"column":5}},"loc":{"start":{"line":119,"column":4},"end":{"line":132,"column":5}},"line":119},"10":{"name":"nodes","decl":{"start":{"line":134,"column":4},"end":{"line":137,"column":5}},"loc":{"start":{"line":134,"column":4},"end":{"line":137,"column":5}},"line":134},"11":{"name":"print","decl":{"start":{"line":139,"column":4},"end":{"line":141,"column":5}},"loc":{"start":{"line":139,"column":4},"end":{"line":141,"column":5}},"line":139},"12":{"name":"remove","decl":{"start":{"line":143,"column":4},"end":{"line":187,"column":5}},"loc":{"start":{"line":143,"column":4},"end":{"line":187,"column":5}},"line":143},"13":{"name":"removeNode","decl":{"start":{"line":150,"column":8},"end":{"line":174,"column":9}},"loc":{"start":{"line":150,"column":8},"end":{"line":174,"column":9}},"line":150},"14":{"name":"currentItem","decl":{"start":{"line":176,"column":8},"end":{"line":181,"column":9}},"loc":{"start":{"line":176,"column":8},"end":{"line":181,"column":9}},"line":176},"15":{"name":"reverse","decl":{"start":{"line":189,"column":4},"end":{"line":214,"column":5}},"loc":{"start":{"line":189,"column":4},"end":{"line":214,"column":5}},"line":189},"16":{"name":"changeArr","decl":{"start":{"line":194,"column":8},"end":{"line":213,"column":9}},"loc":{"start":{"line":194,"column":8},"end":{"line":213,"column":9}},"line":194},"17":{"name":"search","decl":{"start":{"line":216,"column":4},"end":{"line":236,"column":5}},"loc":{"start":{"line":216,"column":4},"end":{"line":236,"column":5}},"line":216},"18":{"name":"size","decl":{"start":{"line":238,"column":4},"end":{"line":241,"column":5}},"loc":{"start":{"line":238,"column":4},"end":{"line":241,"column":5}},"line":238},"19":{"name":"toArray","decl":{"start":{"line":243,"column":4},"end":{"line":255,"column":5}},"loc":{"start":{"line":243,"column":4},"end":{"line":255,"column":5}},"line":243},"20":{"name":"pushArray","decl":{"start":{"line":247,"column":8},"end":{"line":253,"column":9}},"loc":{"start":{"line":247,"column":8},"end":{"line":253,"column":9}},"line":247},"21":{"name":"width","decl":{"start":{"line":257,"column":4},"end":{"line":289,"column":5}},"loc":{"start":{"line":257,"column":4},"end":{"line":289,"column":5}},"line":257},"22":{"name":"counterWidth","decl":{"start":{"line":277,"column":8},"end":{"line":287,"column":9}},"loc":{"start":{"line":277,"column":8},"end":{"line":287,"column":9}},"line":277}},"f":{"0":106,"1":24,"2":1,"3":6,"4":29,"5":23,"6":106,"7":0,"8":1,"9":1,"10":1,"11":2,"12":8,"13":14,"14":4,"15":2,"16":12,"17":2,"18":1,"19":8,"20":80,"21":1,"22":11}}
,"D:\\DevEducation\\Education\\2_Month_HW\\010-Collections\\src\\ts\\LList.ts": {"path":"D:\\DevEducation\\Education\\2_Month_HW\\010-Collections\\src\\ts\\LList.ts","all":false,"statementMap":{"0":{"start":{"line":1,"column":0},"end":{"line":1,"column":31}},"1":{"start":{"line":2,"column":0},"end":{"line":2,"column":0}},"2":{"start":{"line":3,"column":0},"end":{"line":3,"column":12}},"3":{"start":{"line":4,"column":0},"end":{"line":4,"column":18}},"4":{"start":{"line":5,"column":0},"end":{"line":5,"column":15}},"5":{"start":{"line":6,"column":0},"end":{"line":6,"column":0}},"6":{"start":{"line":7,"column":0},"end":{"line":7,"column":45}},"7":{"start":{"line":8,"column":0},"end":{"line":8,"column":27}},"8":{"start":{"line":9,"column":0},"end":{"line":9,"column":32}},"9":{"start":{"line":10,"column":0},"end":{"line":10,"column":5}},"10":{"start":{"line":11,"column":0},"end":{"line":11,"column":1}},"11":{"start":{"line":12,"column":0},"end":{"line":12,"column":0}},"12":{"start":{"line":13,"column":0},"end":{"line":13,"column":37}},"13":{"start":{"line":14,"column":0},"end":{"line":14,"column":30}},"14":{"start":{"line":15,"column":0},"end":{"line":15,"column":30}},"15":{"start":{"line":16,"column":0},"end":{"line":16,"column":25}},"16":{"start":{"line":17,"column":0},"end":{"line":17,"column":0}},"17":{"start":{"line":18,"column":0},"end":{"line":18,"column":17}},"18":{"start":{"line":19,"column":0},"end":{"line":19,"column":25}},"19":{"start":{"line":20,"column":0},"end":{"line":20,"column":44}},"20":{"start":{"line":21,"column":0},"end":{"line":21,"column":52}},"21":{"start":{"line":22,"column":0},"end":{"line":22,"column":34}},"22":{"start":{"line":23,"column":0},"end":{"line":23,"column":13}},"23":{"start":{"line":24,"column":0},"end":{"line":24,"column":56}},"24":{"start":{"line":25,"column":0},"end":{"line":25,"column":45}},"25":{"start":{"line":26,"column":0},"end":{"line":26,"column":27}},"26":{"start":{"line":27,"column":0},"end":{"line":27,"column":13}},"27":{"start":{"line":28,"column":0},"end":{"line":28,"column":28}},"28":{"start":{"line":29,"column":0},"end":{"line":29,"column":29}},"29":{"start":{"line":30,"column":0},"end":{"line":30,"column":29}},"30":{"start":{"line":31,"column":0},"end":{"line":31,"column":26}},"31":{"start":{"line":32,"column":0},"end":{"line":32,"column":9}},"32":{"start":{"line":33,"column":0},"end":{"line":33,"column":5}},"33":{"start":{"line":34,"column":0},"end":{"line":34,"column":0}},"34":{"start":{"line":35,"column":0},"end":{"line":35,"column":21}},"35":{"start":{"line":36,"column":0},"end":{"line":36,"column":35}},"36":{"start":{"line":37,"column":0},"end":{"line":37,"column":0}},"37":{"start":{"line":38,"column":0},"end":{"line":38,"column":24}},"38":{"start":{"line":39,"column":0},"end":{"line":39,"column":34}},"39":{"start":{"line":40,"column":0},"end":{"line":40,"column":9}},"40":{"start":{"line":41,"column":0},"end":{"line":41,"column":0}},"41":{"start":{"line":42,"column":0},"end":{"line":42,"column":25}},"42":{"start":{"line":43,"column":0},"end":{"line":43,"column":29}},"43":{"start":{"line":44,"column":0},"end":{"line":44,"column":9}},"44":{"start":{"line":45,"column":0},"end":{"line":45,"column":0}},"45":{"start":{"line":46,"column":0},"end":{"line":46,"column":25}},"46":{"start":{"line":47,"column":0},"end":{"line":47,"column":19}},"47":{"start":{"line":48,"column":0},"end":{"line":48,"column":5}},"48":{"start":{"line":49,"column":0},"end":{"line":49,"column":0}},"49":{"start":{"line":50,"column":0},"end":{"line":50,"column":19}},"50":{"start":{"line":51,"column":0},"end":{"line":51,"column":25}},"51":{"start":{"line":52,"column":0},"end":{"line":52,"column":25}},"52":{
[...]
"76":8,"77":8,"78":8,"79":8,"80":8,"81":8,"82":8,"83":8,"84":1,"85":1,"86":0,"87":0,"88":0,"89":0,"90":0,"91":0,"92":0,"93":0,"94":0,"95":0,"96":0,"97":0,"98":0,"99":0,"100":0,"101":0,"102":0,"103":0,"104":0,"105":0,"106":1,"107":1,"108":1,"109":1,"110":1,"111":1,"112":1,"113":1,"114":3,"115":2,"116":2,"117":2,"118":3,"119":3,"120":3,"121":1,"122":1,"123":1,"124":1,"125":1,"126":1,"127":1,"128":1,"129":3,"130":2,"131":2,"132":3,"133":3,"134":1,"135":1,"136":1,"137":1,"138":1,"139":1,"140":1,"141":1,"142":1,"143":1,"144":1,"145":4,"146":1,"147":1,"148":1,"149":4,"150":4,"151":4,"152":1,"153":1,"154":1,"155":1,"156":1,"157":1,"158":1,"159":1,"160":4,"161":1,"162":1,"163":4,"164":4,"165":1,"166":1,"167":1,"168":1,"169":1,"170":1,"171":1,"172":1,"173":0,"174":0,"175":0,"176":1,"177":1,"178":1,"179":4,"180":0,"181":0,"182":4,"183":2,"184":2,"185":4,"186":4,"187":4,"188":5,"189":2,"190":5,"191":3,"192":3,"193":5,"194":4,"195":2,"196":2,"197":4,"198":1,"199":1,"200":3,"201":3,"202":3,"203":3,"204":10,"205":10,"206":5,"207":3,"208":3,"209":5,"210":2,"211":1,"212":1,"213":1,"214":1,"215":2,"216":2,"217":1,"218":1,"219":1,"220":2,"221":5,"222":5,"223":5,"224":5,"225":10,"226":3,"227":3,"228":3,"229":1,"230":1,"231":3,"232":3,"233":1,"234":1,"235":3,"236":3,"237":3,"238":3,"239":14,"240":14,"241":9,"242":6,"243":6,"244":9,"245":3,"246":1,"247":1,"248":1,"249":1,"250":3,"251":3,"252":2,"253":2,"254":2,"255":3,"256":14,"257":5,"258":5,"259":5,"260":14,"261":3,"262":3,"263":3,"264":1,"265":1,"266":3,"267":1,"268":1,"269":0,"270":0,"271":0,"272":0,"273":0,"274":0,"275":0,"276":0,"277":0,"278":0,"279":0,"280":0,"281":0,"282":1,"283":1,"284":2,"285":0,"286":0,"287":2,"288":2,"289":2,"290":6,"291":0,"292":0,"293":6,"294":6,"295":6,"296":2,"297":1,"298":1,"299":1,"300":1,"301":11,"302":11,"303":6,"304":6,"305":11,"306":11,"307":11,"308":11,"309":11,"310":15,"311":0,"312":15,"313":15,"314":15,"315":15,"316":11,"317":11,"318":1,"319":1,"320":1,"321":6,"322":6,"323":1,"324":1,"325":1,"326":1,"327":13,"328":13,"329":13,"330":13,"331":29,"332":29,"333":29,"334":13,"335":13,"336":1,"337":1,"338":1,"339":1,"340":1,"341":1,"342":3,"343":3,"344":3,"345":1,"346":1,"347":1,"348":1},"branchMap":{"0":{"type":"branch","line":7,"loc":{"start":{"line":7,"column":4},"end":{"line":10,"column":5}},"locations":[{"start":{"line":7,"column":4},"end":{"line":10,"column":5}}]},"1":{"type":"branch","line":19,"loc":{"start":{"line":19,"column":4},"end":{"line":33,"column":5}},"locations":[{"start":{"line":19,"column":4},"end":{"line":33,"column":5}}]},"2":{"type":"branch","line":20,"loc":{"start":{"line":20,"column":17},"end":{"line":20,"column":41}},"locations":[{"start":{"line":20,"column":17},"end":{"line":20,"column":41}}]},"3":{"type":"branch","line":20,"loc":{"start":{"line":20,"column":43},"end":{"line":24,"column":15}},"locations":[{"start":{"line":20,"column":43},"end":{"line":24,"column":15}}]},"4":{"type":"branch","line":21,"loc":{"start":{"line":21,"column":51},"end":{"line":23,"column":13}},"locations":[{"start":{"line":21,"column":51},"end":{"line":23,"column":13}}]},"5":{"type":"branch","line":24,"loc":{"start":{"line":24,"column":9},"end":{"line":32,"column":9}},"locations":[{"start":{"line":24,"column":9},"end":{"line":32,"column":9}}]},"6":{"type":"branch","line":24,"loc":{"start":{"line":24,"column":24},"end":{"line":24,"column":53}},"locations":[{"start":{"line":24,"column":24},"end":{"line":24,"column":53}}]},"7":{"type":"branch","line":24,"loc":{"start":{"line":24,"column":55},"end":{"line":28,"column":15}},"locations":[{"start":{"line":24,"column":55},"end":{"line":28,"column":15}}]},"8":{"type":"branch","line":35,"loc":{"start":{"line":35,"column":4},"end":{"line":48,"column":5}},"locations":[{"start":{"line":35,"column":4},"end":{"line":48,"column":5}}]},"9":{"type":"branch","line":38,"loc":{"start":{"line":38,"column":23},"end":{"line":40,"column":9}},"locations":[{"start":{"line":38,"column":23},"end":{"line":40,"column":9}}]},"10":{"type":"branch","line":42,"loc":{"start":{"line":42,"column":24},"end":{"line":44,"column":9}},"locations":[{"start":{"line":42,"column":24},"end":{"line":44,"column":9}}]},"11":{"type":"branch","line":50,"loc":{"start":{"line":50,"column":4},"end":{"line":54,"column":5}},"locations":[{"start":{"line":50,"column":4},"end":{"line":54,"column":5}}]},"12":{"type":"branch","line":56,"loc":{"start":{"line":56,"column":4},"end":{"line":58,"column":5}},"locations":[{"start":{"line":56,"column":4},"end":{"line":58,"column":5}}]},"13":{"type":"branch","line":60,"loc":{"start":{"line":60,"column":4},"end":{"line":73,"column":5}},"locations":[{"start":{"line":60,"column":4},"end":{"line":73,"column":5}}]},"14":{"type":"branch","line":61,"loc":{"start":{"line":61,"column":32},"end":{"line":63,"column":9}},"locations":[{"start":{"line":61,"column":32},"end":{"line":63,"column":9}}]},"15":{"type":"branch","line":66,"loc":{"start":{"line":66,"column":21},"end":{"line":72,"column":9}},"locations":[{"start":{"line":66,"column":21},"end":{"line":72,"column":9}}]},"16":{"type":"branch","line":67,"loc":{"start":{"line":67,"column":31},"end":{"line":69,"column":13}},"locations":[{"start":{"line":67,"column":31},"end":{"line":69,"column":13}}]},"17":{"type":"branch","line":75,"loc":{"start":{"line":75,"column":4},"end":{"line":84,"column":5}},"locations":[{"start":{"line":75,"column":4},"end":{"line":84,"column":5}}]},"18":{"type":"branch","line":108,"loc":{"start":{"line":108,"column":4},"end":{"line":123,"column":5}},"locations":[{"start":{"line":108,"column":4},"end":{"line":123,"column":5}}]},"19":{"type":"branch","line":114,"loc":{"start":{"line":114,"column":24},"end":{"line":121,"column":9}},"locations":[{"start":{"line":114,"column":24},"end":{"line":121,"column":9}}]},"20":{"type":"branch","line":115,"loc":{"start":{"line":115,"column":37},"end":{"line":118,"column":13}},"locations":[{"start":{"line":115,"column":37},"end":{"line":118,"column":13}}]},"21":{"type":"branch","line":125,"loc":{"start":{"line":125,"column":4},"end":{"line":137,"column":5}},"locations":[{"start":{"line":125,"column":4},"end":{"line":137,"column":5}}]},"22":{"type":"branch","line":129,"loc":{"start":{"line":129,"column":24},"end":{"line":134,"column":9}},"locations":[{"start":{"line":129,"column":24},"end":{"line":134,"column":9}}]},"23":{"type":"branch","line":130,"loc":{"start":{"line":130,"column":37},"end":{"line":132,"column":13}},"locations":[{"start":{"line":130,"column":37},"end":{"line":132,"column":13}}]},"24":{"type":"branch","line":139,"loc":{"start":{"line":139,"column":4},"end":{"line":154,"column":5}},"locations":[{"start":{"line":139,"column":4},"end":{"line":154,"column":5}}]},"25":{"type":"branch","line":145,"loc":{"start":{"line":145,"column":24},"end":{"line":152,"column":9}},"locations":[{"start":{"line":145,"column":24},"end":{"line":152,"column":9}}]},"26":{"type":"branch","line":146,"loc":{"start":{"line":146,"column":37},"end":{"line":149,"column":13}},"locations":[{"start":{"line":146,"column":37},"end":{"line":149,"column":13}}]},"27":{"type":"branch","line":156,"loc":{"start":{"line":156,"column":4},"end":{"line":168,"column":5}},"locations":[{"start":{"line":156,"column":4},"end":{"line":168,"column":5}}]},"28":{"type":"branch","line":160,"loc":{"start":{"line":160,"column":24},"end":{"line":165,"column":9}},"locations":[{"start":{"line":160,"column":24},"end":{"line":165,"column":9}}]},"29":{"type":"branch","line":161,"loc":{"start":{"line":161,"column":37},"end":{"line":163,"column":13}},"locations":[{"start":{"line":161,"column":37},"end":{"line":163,"column":13}}]},"30":{"type":"branch","line":170,"loc":{"start":{"line":170,"column":4},"end":{"line":177,"column":5}},"locations":[{"start":{"line":170,"column":4},"end":{"line":177,"column":5}}]},"31":{"type":"branch","line":173,"loc":{"start":{"line":173,"column":43},"end":{"line":176,"column":9}},"locations":[{"start":{"line":173,"column":43},"end":{"line":176,"column":9}}]},"32":{"type":"branch","line":179,"loc":{"start":{"line":179,"column":4},"end":{"line":198,"column":5}},"locations":[{"start":{"line":179,"column":4},"end":{"line":198,"column":5}}]},"33":{"type":"branch","line":180,"loc":{"start":{"line":180,"column":24},"end":{"line":182,"column":9}},"locations":[{"start":{"line":180,"column":24},"end":{"line":182,"column":9}}]},"34":{"type":"branch","line":183,"loc":{"start":{"line":183,"column":24},"end":{"line":183,"column":52}},"locations":[{"start":{"line":183,"column":24},"end":{"line":183,"column":52}}]},"35":{"type":"branch","line":183,"loc":{"start":{"line":183,"column":54},"end":{"line":185,"column":9}},"locations":[{"start":{"line":183,"column":54},"end":{"line":185,"column":9}}]},"36":{"type":"branch","line":188,"loc":{"start":{"line":188,"column":29},"end":{"line":194,"column":9}},"locations":[{"start":{"line":188,"column":29},"end":{"line":194,"column":9}}]},"37":{"type":"branch","line":189,"loc":{"start":{"line":189,"column":44},"end":{"line":191,"column":19}},"locations":[{"start":{"line":189,"column":44},"end":{"line":191,"column":19}}]},"38":{"type":"branch","line":191,"loc":{"start":{"line":191,"column":13},"end":{"line":193,"column":13}},"locations":[{"start":{"line":191,"column":13},"end":{"line":193,"column":13}}]},"39":{"type":"branch","line":195,"loc":{"start":{"line":195,"column":-2},"end":{"line":195,"column":36}},"locations":[{"start":{"line":195,"column":-2},"end":{"line":195,"column":36}}]},"40":{"type":"branch","line":195,"loc":{"start":{"line":195,"column":36},"end":{"line":197,"column":9}},"locations":[{"start":{"line":195,"column":36},"end":{"line":197,"column":9}}]},"41":{"type":"branch","line":200,"loc":{"start":{"line":200,"column":4},"end":{"line":233,"column":5}},"locations":[{"start":{"line":200,"column":4},"end":{"line":233,"column":5}}]},"42":{"type":"branch","line":204,"loc":{"start":{"line":204,"column":23},"end":{"line":226,"column":9}},"locations":[{"start":{"line":204,"column":23},"end":{"line":226,"column":9}}]},"43":{"type":"branch","line":206,"loc":{"start":{"line":206,"column":47},"end":{"line":225,"column":13}},"locations":[{"start":{"line":206,"column":47},"end":{"line":225,"column":13}}]},"44":{"type":"branch","line":207,"loc":{"start":{"line":207,"column":43},"end":{"line":210,"column":23}},"locations":[{"start":{"line":207,"column":43},"end":{"line":210,"column":23}}]},"45":{"type":"branch","line":210,"loc":{"start":{"line":210,"column":17},"end":{"line":221,"column":17}},"locations":[{"start":{"line":210,"column":17},"end":{"line":221,"column":17}}]},"46":{"type":"branch","line":211,"loc":{"start":{"line":211,"column":39},"end":{"line":215,"column":21}},"locations":[{"start":{"line":211,"column":39},"end":{"line":215,"column":21}}]},"47":{"type":"branch","line":217,"loc":{"start":{"line":217,"column":39},"end":{"line":220,"column":21}},"locations":[{"start":{"line":217,"column":39},"end":{"line":220,"column":21}}]},"48":{"type":"branch","line":229,"loc":{"start":{"line":229,"column":29},"end":{"line":231,"column":9}},"locations":[{"start":{"line":229,"column":29},"end":{"line":231,"column":9}}]},"49":{"type":"branch","line":235,"loc":{"start":{"line":235,"column":4},"end":{"line":267,"column":5}},"locations":[{"start":{"line":235,"column":4},"end":{"line":267,"column":5}}]},"50":{"type":"branch","line":239,"loc":{"start":{"line":239,"column":23},"end":{"line":261,"column":9}},"locations":[{"start":{"line":239,"column":23},"end":{"line":261,"column":9}}]},"51":{"type":"branch","line":241,"loc":{"start":{"line":241,"column":48},"end":{"line":257,"column":19}},"locations":[{"start":{"line":241,"column":48},"end":{"line":257,"column":19}}]},"52":{"type":"branch","line":242,"loc":{"start":{"line":242,"column":43},"end":{"line":245,"column":23}},"locations":[{"start":{"line":242,"column":43},"end":{"line":245,"column":23}}]},"53":{"type":"branch","line":245,"loc":{"start":{"line":245,"column":17},"end":{"line":256,"column":17}},"locations":[{"start":{"line":245,"column":17},"end":{"line":256,"column":17}}]},"54":{"type":"branch","line":246,"loc":{"start":{"line":246,"column":39},"end":{"line":250,"column":21}},"locations":[{"start":{"line":246,"column":39},"end":{"line":250,"column":21}}]},"55":{"type":"branch","line":252,"loc":{"start":{"line":252,"column":39},"end":{"line":255,"column":21}},"locations":[{"start":{"line":252,"column":39},"end":{"line":255,"column":21}}]},"56":{"type":"branch","line":257,"loc":{"start":{"line":257,"column":13},"end":{"line":260,"column":13}},"locations":[{"start":{"line":257,"column":13},"end":{"line":260,"column":13}}]},"57":{"type":"branch","line":264,"loc":{"start":{"line":264,"column":29},"end":{"line":266,"column":9}},"locations":[{"start":{"line":264,"column":29},"end":{"line":266,"column":9}}]},"58":{"type":"branch","line":284,"loc":{"start":{"line":284,"column":4},"end":{"line":297,"column":5}},"locations":[{"start":{"line":284,"column":4},"end":{"line":297,"column":5}}]},"59":{"type":"branch","line":285,"loc":{"start":{"line":285,"column":32},"end":{"line":287,"column":9}},"locations":[{"start":{"line":285,"column":32},"end":{"line":287,"column":9}}]},"60":{"type":"branch","line":290,"loc":{"start":{"line":290,"column":21},"end":{"line":296,"column":9}},"locations":[{"start":{"line":290,"column":21},"end":{"line":296,"column":9}}]},"61":{"type":"branch","line":291,"loc":{"start":{"line":291,"column":31},"end":{"line":293,"column":13}},"locations":[{"start":{"line":291,"column":31},"end":{"line":293,"column":13}}]},"62":{"type":"branch","line":299,"loc":{"start":{"line":299,"column":4},"end":{"line":325,"column":5}},"locations":[{"start":{"line":299,"column":4},"end":{"line":325,"column":5}}]},"63":{"type":"branch","line":321,"loc":{"start":{"line":321,"column":45},"end":{"line":323,"column":9}},"locations":[{"start":{"line":321,"column":45},"end":{"line":323,"column":9}}]},"64":{"type":"branch","line":301,"loc":{"start":{"line":301,"column":8},"end":{"line":318,"column":9}},"locations":[{"start":{"line":301,"column":8},"end":{"line":318,"column":9}}]},"65":{"type":"branch","line":303,"loc":{"start":{"line":303,"column":33},"end":{"line":305,"column":13}},"locations":[{"start":{"line":303,"column":33},"end":{"line":305,"column":13}}]},"66":{"type":"branch","line":310,"loc":{"start":{"line":310,"column":49},"end":{"line":316,"column":13}},"locations":[{"start":{"line":310,"column":49},"end":{"line":316,"column":13}}]},"67":{"type":"branch","line":311,"loc":{"start":{"line":311,"column":36},"end":{"line":313,"column":23}},"locations":[{"start":{"line":311,"column":36},"end":{"line":313,"column":23}}]},"68":{"type":"branch","line":327,"loc":{"start":{"line":327,"column":4},"end":{"line":336,"column":5}},"locations":[{"start":{"line":327,"column":4},"end":{"line":336,"column":5}}]},"69":{"type":"branch","line":331,"loc":{"start":{"line":331,"column":28},"end":{"line":334,"column":9}},"locations":[{"start":{"line":331,"column":28},"end":{"line":334,"column":9}}]},"70":{"type":"branch","line":338,"loc":{"start":{"line":338,"column":4},"end":{"line":348,"column":5}},"locations":[{"start":{"line":338,"column":4},"end":{"line":348,"column":5}}]},"71":{"type":"branch","line":342,"loc":{"start":{"line":342,"column":24},"end":{"line":345,"column":9}},"locations":[{"start":{"line":342,"column":24},"end":{"line":345,"column":9}}]}},"b":{"0":[88],"1":[28],"2":[27],"3":[27],"4":[81],"5":[1],"6":[0],"7":[0],"8":[88],"9":[61],"10":[27],"11":[2],"12":[2],"13":[4],"14":[0],"15":[10],"16":[1],"17":[8],"18":[1],"19":[3],"20":[2],"21":[1],"22":[3],"23":[2],"24":[1],"25":[4],"26":[1],"27":[1],"28":[4],"29":[1],"30":[1],"31":[0],"32":[4],"33":[0],"34":[5],"35":[2],"36":[5],"37":[2],"38":[3],"39":[3],"40":[2],"41":[3],"42":[10],"43":[5],"44":[3],"45":[2],"46":[1],"47":[1],"48":[1],"49":[3],"50":[14],"51":[9],"52":[6],"53":[3],"54":[1],"55":[2],"56":[5],"57":[1],"58":[2],"59":[0],"60":[6],"61":[0],"62":[1],"63":[6],"64":[11],"65":[6],"66":[15],"67":[0],"68":[13],"69":[29],"70":[1],"71":[3]},"fnMap":{"0":{"name":"Node","decl":{"start":{"line":7,"column":4},"end":{"line":10,"column":5}},"loc":{"start":{"line":7,"column":4},"end":{"line":10,"column":5}},"line":7},"1":{"name":"LList","decl":{"start":{"line":19,"column":4},"end":{"line":33,"column":5}},"loc":{"start":{"line":19,"column":4},"end":{"line":33,"column":5}},"line":19},"2":{"name":"add","decl":{"start":{"line":35,"column":4},"end":{"line":48,"column":5}},"loc":{"start":{"line":35,"column":4},"end":{"line":48,"column":5}},"line":35},"3":{"name":"clear","decl":{"start":{"line":50,"column":4},"end":{"line":54,"column":5}},"loc":{"start":{"line":50,"column":4},"end":{"line":54,"column":5}},"line":50},"4":{"name":"contains","decl":{"start":{"line":56,"column":4},"end":{"line":58,"column":5}},"loc":{"start":{"line":56,"column":4},"end":{"line":58,"column":5}},"line":56},"5":{"name":"get","decl":{"start":{"line":60,"column":4},"end":{"line":73,"column":5}},"loc":{"start":{"line":60,"column":4},"end":{"line":73,"column":5}},"line":60},"6":{"name":"getSize","decl":{"start":{"line":75,"column":4},"end":{"line":84,"column":5}},"loc":{"start":{"line":75,"column":4},"end":{"line":84,"column":5}},"line":75},"7":{"name":"halfRevers","decl":{"start":{"line":86,"column":4},"end":{"line":106,"column":5}},"loc":{"start":{"line":86,"column":4},"end":{"line":106,"column":5}},"line":86},"8":{"name":"maxIndex","decl":{"start":{"line":108,"column":4},"end":{"line":123,"column":5}},"loc":{"start":{"line":108,"column":4},"end":{"line":123,"column":5}},"line":108},"9":{"name":"maxValue","decl":{"start":{"line":125,"column":4},"end":{"line":137,"column":5}},"loc":{"start":{"line":125,"column":4},"end":{"line":137,"column":5}},"line":125},"10":{"name":"minIndex","decl":{"start":{"line":139,"column":4},"end":{"line":154,"column":5}},"loc":{"start":{"line":139,"column":4},"end":{"line":154,"column":5}},"line":139},"11":{"name":"minValue","decl":{"start":{"line":156,"column":4},"end":{"line":168,"column":5}},"loc":{"start":{"line":156,"column":4},"end":{"line":168,"column":5}},"line":156},"12":{"name":"print","decl":{"start":{"line":170,"column":4},"end":{"line":177,"column":5}},"loc":{"start":{"line":170,"column":4},"end":{"line":177,"column":5}},"line":170},"13":{"name":"remove","decl":{"start":{"line":179,"column":4},"end":{"line":198,"column":5}},"loc":{"start":{"line":179,"column":4},"end":{"line":198,"column":5}},"line":179},"14":{"name":"removeAll","decl":{"start":{"line":200,"column":4},"end":{"line":233,"column":5}},"loc":{"start":{"line":200,"column":4},"end":{"line":233,"column":5}},"line":200},"15":{"name":"retainAll","decl":{"start":{"line":235,"column":4},"end":{"line":267,"column":5}},"loc":{"start":{"line":235,"column":4},"end":{"line":267,"column":5}},"line":235},"16":{"name":"revers","decl":{"start":{"line":269,"column":4},"end":{"line":282,"column":5}},"loc":{"start":{"line":269,"column":4},"end":{"line":282,"column":5}},"line":269},"17":{"name":"set","decl":{"start":{"line":284,"column":4},"end":{"line":297,"column":5}},"loc":{"start":{"line":284,"column":4},"end":{"line":297,"column":5}},"line":284},"18":{"name":"sort","decl":{"start":{"line":299,"column":4},"end":{"line":325,"column":5}},"loc":{"start":{"line":299,"column":4},"end":{"line":325,"column":5}},"line":299},"19":{"name":"doSort","decl":{"start":{"line":301,"column":8},"end":{"line":318,"column":9}},"loc":{"start":{"line":301,"column":8},"end":{"line":318,"column":9}},"line":301},"20":{"name":"toArray","decl":{"start":{"line":327,"column":4},"end":{"line":336,"column":5}},"loc":{"start":{"line":327,"column":4},"end":{"line":336,"column":5}},"line":327},"21":{"name":"toString","decl":{"start":{"line":338,"column":4},"end":{"line":348,"column":5}},"loc":{"start":{"line":338,"column":4},"end":{"line":348,"column":5}},"line":338}},"f":{"0":88,"1":28,"2":88,"3":2,"4":2,"5":4,"6":8,"7":0,"8":1,"9":1,"10":1,"11":1,"12":1,"13":4,"14":3,"15":3,"16":0,"17":2,"18":1,"19":11,"20":13,"21":1}}
}
