TN:
SF:src\ts\AList.ts
FN:8,AList
FN:23,clear
FN:28,getSize
FN:32,add
FN:37,set
FN:43,get
FN:47,remove
FN:61,toArray
FN:65,toString
FN:75,contains
FN:86,minValue
FN:100,maxValue
FN:113,minIndex
FN:128,maxIndex
FN:143,revers
FN:153,halfRevers
FN:178,retainAll
FN:198,removeAll
FN:217,sort
FN:220,getQuickSort
FN:245,print
FNF:21
FNH:21
FNDA:21,AList
FNDA:1,clear
FNDA:2,getSize
FNDA:1,add
FNDA:2,set
FNDA:1,get
FNDA:1,remove
FNDA:10,toArray
FNDA:1,toString
FNDA:2,contains
FNDA:1,minValue
FNDA:1,maxValue
FNDA:1,minIndex
FNDA:1,maxIndex
FNDA:1,revers
FNDA:1,halfRevers
FNDA:1,retainAll
FNDA:1,removeAll
FNDA:1,sort
FNDA:7,getQuickSort
FNDA:1,print
DA:1,1
DA:2,1
DA:3,1
DA:4,1
DA:5,1
DA:6,1
DA:7,1
DA:8,1
DA:9,21
DA:10,21
DA:11,21
DA:12,21
DA:13,21
DA:14,0
DA:15,0
DA:16,0
DA:17,0
DA:18,0
DA:19,0
DA:20,0
DA:21,21
DA:22,1
DA:23,1
DA:24,1
DA:25,1
DA:26,1
DA:27,1
DA:28,1
DA:29,2
DA:30,2
DA:31,1
DA:32,1
DA:33,1
DA:34,1
DA:35,1
DA:36,1
DA:37,1
DA:38,2
DA:39,1
DA:40,1
DA:41,2
DA:42,1
DA:43,1
DA:44,1
DA:45,1
DA:46,1
DA:47,1
DA:48,1
DA:49,1
DA:50,1
DA:51,1
DA:52,1
DA:53,1
DA:54,1
DA:55,1
DA:56,1
DA:57,1
DA:58,1
DA:59,0
DA:60,1
DA:61,1
DA:62,10
DA:63,10
DA:64,1
DA:65,1
DA:66,1
DA:67,1
DA:68,1
DA:69,3
DA:70,3
DA:71,1
DA:72,1
DA:73,1
DA:74,1
DA:75,1
DA:76,2
DA:77,2
DA:78,4
DA:79,1
DA:80,1
DA:81,4
DA:82,1
DA:83,1
DA:84,1
DA:85,1
DA:86,1
DA:87,1
DA:88,1
DA:89,1
DA:90,4
DA:91,4
DA:92,1
DA:93,1
DA:94,4
DA:95,4
DA:96,1
DA:97,1
DA:98,1
DA:99,1
DA:100,1
DA:101,1
DA:102,1
DA:103,1
DA:104,3
DA:105,3
DA:106,2
DA:107,2
DA:108,3
DA:109,1
DA:110,1
DA:111,1
DA:112,1
DA:113,1
DA:114,1
DA:115,1
DA:116,1
DA:117,1
DA:118,4
DA:119,4
DA:120,1
DA:121,1
DA:122,1
DA:123,4
DA:124,1
DA:125,1
DA:126,1
DA:127,1
DA:128,1
DA:129,1
DA:130,1
DA:131,1
DA:132,1
DA:133,3
DA:134,3
DA:135,2
DA:136,2
DA:137,2
DA:138,3
DA:139,1
DA:140,1
DA:141,1
DA:142,1
DA:143,1
DA:144,1
DA:145,1
DA:146,1
DA:147,1
DA:148,5
DA:149,5
DA:150,5
DA:151,1
DA:152,1
DA:153,1
DA:154,1
DA:155,1
DA:156,1
DA:157,1
DA:158,1
DA:159,0
DA:160,0
DA:161,1
DA:162,1
DA:163,1
DA:164,1
DA:165,3
DA:166,3
DA:167,1
DA:168,1
DA:169,1
DA:170,1
DA:171,1
DA:172,1
DA:173,1
DA:174,2
DA:175,2
DA:176,1
DA:177,1
DA:178,1
DA:179,1
DA:180,1
DA:181,1
DA:182,5
DA:183,5
DA:184,5
DA:185,10
DA:186,10
DA:187,2
DA:188,2
DA:189,10
DA:190,5
DA:191,2
DA:192,2
DA:193,5
DA:194,1
DA:195,1
DA:196,1
DA:197,1
DA:198,1
DA:199,1
DA:200,1
DA:201,5
DA:202,5
DA:203,5
DA:204,10
DA:205,10
DA:206,2
DA:207,2
DA:208,10
DA:209,5
DA:210,3
DA:211,3
DA:212,5
DA:213,1
DA:214,1
DA:215,1
DA:216,1
DA:217,1
DA:218,1
DA:219,1
DA:220,1
DA:221,7
DA:222,7
DA:223,4
DA:224,4
DA:225,4
DA:226,3
DA:227,3
DA:228,3
DA:229,3
DA:230,3
DA:231,7
DA:232,9
DA:233,9
DA:234,5
DA:235,9
DA:236,4
DA:237,4
DA:238,9
DA:239,7
DA:240,7
DA:241,7
DA:242,1
DA:243,1
DA:244,1
DA:245,1
DA:246,1
DA:247,1
DA:248,1
DA:249,1
DA:250,1
LF:250
LH:240
BRDA:8,0,0,21
BRDA:13,1,0,0
BRDA:23,2,0,1
BRDA:28,3,0,2
BRDA:32,4,0,1
BRDA:37,5,0,2
BRDA:38,6,0,1
BRDA:43,7,0,1
BRDA:47,8,0,1
BRDA:59,9,0,0
BRDA:61,10,0,10
BRDA:65,11,0,1
BRDA:68,12,0,3
BRDA:75,13,0,2
BRDA:77,14,0,4
BRDA:78,15,0,1
BRDA:82,16,0,1
BRDA:86,17,0,1
BRDA:89,18,0,4
BRDA:91,19,0,1
BRDA:100,20,0,1
BRDA:103,21,0,3
BRDA:105,22,0,2
BRDA:113,23,0,1
BRDA:117,24,0,4
BRDA:119,25,0,1
BRDA:128,26,0,1
BRDA:132,27,0,3
BRDA:134,28,0,2
BRDA:143,29,0,1
BRDA:147,30,0,5
BRDA:153,31,0,1
BRDA:158,32,0,0
BRDA:164,33,0,3
BRDA:173,34,0,2
BRDA:178,35,0,1
BRDA:181,36,0,5
BRDA:184,37,0,10
BRDA:186,38,0,2
BRDA:190,39,0,2
BRDA:198,40,0,1
BRDA:200,41,0,5
BRDA:203,42,0,10
BRDA:205,43,0,2
BRDA:209,44,0,3
BRDA:217,45,0,1
BRDA:220,46,0,7
BRDA:222,47,0,6
BRDA:222,48,0,4
BRDA:226,49,0,3
BRDA:231,50,0,9
BRDA:233,51,0,5
BRDA:235,52,0,4
BRDA:245,53,0,1
BRF:54
BRH:51
end_of_record
TN:
SF:src\ts\BSTree.ts
FN:8,Node
FN:19,BSTree
FN:23,clear
FN:27,height
FN:32,counterH
FN:48,init
FN:54,insert
FN:89,leaves
FN:104,maxNode
FN:119,minNode
FN:134,nodes
FN:139,print
FN:143,remove
FN:150,removeNode
FN:176,currentItem
FN:189,reverse
FN:194,changeArr
FN:216,search
FN:238,size
FN:243,toArray
FN:247,pushArray
FN:257,width
FN:277,counterWidth
FNF:23
FNH:22
FNDA:106,Node
FNDA:24,BSTree
FNDA:1,clear
FNDA:6,height
FNDA:29,counterH
FNDA:23,init
FNDA:106,insert
FNDA:0,leaves
FNDA:1,maxNode
FNDA:1,minNode
FNDA:1,nodes
FNDA:2,print
FNDA:8,remove
FNDA:14,removeNode
FNDA:4,currentItem
FNDA:2,reverse
FNDA:12,changeArr
FNDA:2,search
FNDA:1,size
FNDA:8,toArray
FNDA:80,pushArray
FNDA:1,width
FNDA:11,counterWidth
DA:1,1
DA:2,1
DA:3,1
DA:4,1
DA:5,1
DA:6,1
DA:7,1
DA:8,1
DA:9,106
DA:10,106
DA:11,106
DA:12,106
DA:13,1
DA:14,1
DA:15,1
DA:16,1
DA:17,1
DA:18,1
DA:19,1
DA:20,24
DA:21,24
DA:22,1
DA:23,1
DA:24,1
DA:25,1
DA:26,1
DA:27,1
DA:28,6
DA:29,1
DA:30,1
DA:31,6
DA:32,6
DA:33,29
DA:34,14
DA:35,14
DA:36,29
DA:37,9
DA:38,29
DA:39,2
DA:40,6
DA:41,4
DA:42,4
DA:43,29
DA:44,6
DA:45,6
DA:46,6
DA:47,1
DA:48,1
DA:49,23
DA:50,105
DA:51,105
DA:52,23
DA:53,1
DA:54,1
DA:55,106
DA:56,22
DA:57,106
DA:58,84
DA:59,84
DA:60,84
DA:61,143
DA:62,0
DA:63,0
DA:64,0
DA:65,0
DA:66,0
DA:67,0
DA:68,0
DA:69,143
DA:70,64
DA:71,42
DA:72,42
DA:73,64
DA:74,22
DA:75,22
DA:76,64
DA:77,143
DA:78,89
DA:79,42
DA:80,42
DA:81,89
DA:82,47
DA:83,47
DA:84,89
DA:85,143
DA:86,84
DA:87,106
DA:88,1
DA:89,1
DA:90,0
DA:91,0
DA:92,0
DA:93,0
DA:94,0
DA:95,0
DA:96,0
DA:97,0
DA:98,0
DA:99,0
DA:100,0
DA:101,0
DA:102,0
DA:103,1
DA:104,1
DA:105,1
DA:106,1
DA:107,1
DA:108,0
DA:109,0
DA:110,1
DA:111,1
DA:112,1
DA:113,1
DA:114,1
DA:115,1
DA:116,1
DA:117,1
DA:118,1
DA:119,1
DA:120,1
DA:121,1
DA:122,1
DA:123,0
DA:124,0
DA:125,1
DA:126,1
DA:127,4
DA:128,1
DA:129,1
DA:130,4
DA:131,4
DA:132,1
DA:133,1
DA:134,1
DA:135,1
DA:136,1
DA:137,1
DA:138,1
DA:139,1
DA:140,2
DA:141,2
DA:142,1
DA:143,1
DA:144,8
DA:145,1
DA:146,1
DA:147,8
DA:148,8
DA:149,8
DA:150,8
DA:151,14
DA:152,4
DA:153,4
DA:154,14
DA:155,1
DA:156,14
DA:157,4
DA:158,9
DA:159,5
DA:160,1
DA:161,1
DA:162,5
DA:163,2
DA:164,2
DA:165,2
DA:166,0
DA:167,0
DA:168,2
DA:169,2
DA:170,2
DA:171,2
DA:172,5
DA:173,5
DA:174,5
DA:175,8
DA:176,8
DA:177,4
DA:178,2
DA:179,2
DA:180,4
DA:181,4
DA:182,8
DA:183,6
DA:184,8
DA:185,1
DA:186,1
DA:187,8
DA:188,1
DA:189,1
DA:190,2
DA:191,2
DA:192,2
DA:193,2
DA:194,2
DA:195,12
DA:196,4
DA:197,4
DA:198,12
DA:199,2
DA:200,2
DA:201,2
DA:202,2
DA:203,2
DA:204,12
DA:205,5
DA:206,5
DA:207,5
DA:208,6
DA:209,1
DA:210,1
DA:211,1
DA:212,1
DA:213,12
DA:214,2
DA:215,1
DA:216,1
DA:217,2
DA:218,2
DA:219,2
DA:220,0
DA:221,0
DA:222,2
DA:223,2
DA:224,5
DA:225,2
DA:226,2
DA:227,5
DA:228,1
DA:229,1
DA:230,5
DA:231,2
DA:232,2
DA:233,5
DA:234,2
DA:235,2
DA:236,2
DA:237,1
DA:238,1
DA:239,1
DA:240,1
DA:241,1
DA:242,1
DA:243,1
DA:244,8
DA:245,8
DA:246,8
DA:247,8
DA:248,80
DA:249,36
DA:250,36
DA:251,36
DA:252,36
DA:253,80
DA:254,8
DA:255,8
DA:256,1
DA:257,1
DA:258,1
DA:259,1
DA:260,1
DA:261,1
DA:262,0
DA:263,0
DA:264,1
DA:265,1
DA:266,0
DA:267,0
DA:268,1
DA:269,1
DA:270,3
DA:271,3
DA:272,3
DA:273,3
DA:274,3
DA:275,3
DA:276,1
DA:277,1
DA:278,11
DA:279,1
DA:280,1
DA:281,11
DA:282,11
DA:283,6
DA:284,6
DA:285,4
DA:286,4
DA:287,4
DA:288,1
DA:289,1
DA:290,1
LF:290
LH:258
BRDA:8,0,0,106
BRDA:19,1,0,24
BRDA:23,2,0,1
BRDA:27,3,0,6
BRDA:28,4,0,1
BRDA:32,5,0,29
BRDA:33,6,0,16
BRDA:33,7,0,14
BRDA:36,8,0,13
BRDA:36,9,0,9
BRDA:38,10,0,6
BRDA:38,11,0,2
BRDA:40,12,0,4
BRDA:48,13,0,23
BRDA:49,14,0,105
BRDA:54,15,0,106
BRDA:55,16,0,22
BRDA:57,17,0,84
BRDA:60,18,0,143
BRDA:61,19,0,0
BRDA:69,20,0,64
BRDA:70,21,0,42
BRDA:73,22,0,22
BRDA:77,23,0,101
BRDA:77,24,0,89
BRDA:78,25,0,42
BRDA:81,26,0,47
BRDA:104,27,0,1
BRDA:107,28,0,0
BRDA:119,29,0,1
BRDA:122,30,0,0
BRDA:126,31,0,4
BRDA:127,32,0,1
BRDA:134,33,0,1
BRDA:139,34,0,2
BRDA:143,35,0,8
BRDA:144,36,0,1
BRDA:182,37,0,6
BRDA:184,38,0,1
BRDA:150,39,0,14
BRDA:151,40,0,4
BRDA:154,41,0,1
BRDA:156,42,0,9
BRDA:156,43,0,4
BRDA:158,44,0,5
BRDA:159,45,0,3
BRDA:159,46,0,1
BRDA:162,47,0,4
BRDA:162,48,0,2
BRDA:165,49,0,0
BRDA:173,50,0,5
BRDA:176,51,0,4
BRDA:177,52,0,6
BRDA:177,53,0,2
BRDA:189,54,0,2
BRDA:194,55,0,12
BRDA:195,56,0,4
BRDA:198,57,0,8
BRDA:198,58,0,3
BRDA:198,59,0,2
BRDA:204,60,0,6
BRDA:204,61,0,5
BRDA:208,62,0,1
BRDA:216,63,0,2
BRDA:219,64,0,0
BRDA:223,65,0,5
BRDA:224,66,0,2
BRDA:227,67,0,1
BRDA:230,68,0,3
BRDA:230,69,0,2
BRDA:238,70,0,1
BRDA:243,71,0,8
BRDA:247,72,0,80
BRDA:248,73,0,36
BRDA:257,74,0,1
BRDA:261,75,0,0
BRDA:265,76,0,0
BRDA:265,77,0,0
BRDA:269,78,0,3
BRDA:277,79,0,11
BRDA:278,80,0,1
BRDA:282,81,0,6
BRDA:285,82,0,4
BRF:83
BRH:75
end_of_record
TN:
SF:src\ts\LList.ts
FN:7,Node
FN:19,LList
FN:35,add
FN:50,clear
FN:56,contains
FN:60,get
FN:75,getSize
FN:86,halfRevers
FN:108,maxIndex
FN:125,maxValue
FN:139,minIndex
FN:156,minValue
FN:170,print
FN:179,remove
FN:200,removeAll
FN:235,retainAll
FN:269,revers
FN:284,set
FN:299,sort
FN:301,doSort
FN:327,toArray
FN:338,toString
FNF:22
FNH:20
FNDA:88,Node
FNDA:28,LList
FNDA:88,add
FNDA:2,clear
FNDA:2,contains
FNDA:4,get
FNDA:8,getSize
FNDA:0,halfRevers
FNDA:1,maxIndex
FNDA:1,maxValue
FNDA:1,minIndex
FNDA:1,minValue
FNDA:1,print
FNDA:4,remove
FNDA:3,removeAll
FNDA:3,retainAll
FNDA:0,revers
FNDA:2,set
FNDA:1,sort
FNDA:11,doSort
FNDA:13,toArray
FNDA:1,toString
DA:1,1
DA:2,1
DA:3,1
DA:4,1
DA:5,1
DA:6,1
DA:7,1
DA:8,88
DA:9,88
DA:10,88
DA:11,1
DA:12,1
DA:13,1
DA:14,1
DA:15,1
DA:16,1
DA:17,1
DA:18,1
DA:19,1
DA:20,28
DA:21,27
DA:22,81
DA:23,81
DA:24,28
DA:25,0
DA:26,0
DA:27,0
DA:28,1
DA:29,1
DA:30,1
DA:31,1
DA:32,1
DA:33,28
DA:34,1
DA:35,1
DA:36,88
DA:37,88
DA:38,88
DA:39,61
DA:40,61
DA:41,88
DA:42,88
DA:43,27
DA:44,27
DA:45,88
DA:46,88
DA:47,88
DA:48,88
DA:49,1
DA:50,1
DA:51,2
DA:52,2
DA:53,2
DA:54,2
DA:55,1
DA:56,1
DA:57,2
DA:58,2
DA:59,1
DA:60,1
DA:61,4
DA:62,0
DA:63,0
DA:64,4
DA:65,4
DA:66,4
DA:67,10
DA:68,1
DA:69,1
DA:70,10
DA:71,10
DA:72,10
DA:73,4
DA:74,1
DA:75,1
DA:76,8
DA:77,8
DA:78,8
DA:79,8
DA:80,8
DA:81,8
DA:82,8
DA:83,8
DA:84,8
DA:85,1
DA:86,1
DA:87,0
DA:88,0
DA:89,0
DA:90,0
DA:91,0
DA:92,0
DA:93,0
DA:94,0
DA:95,0
DA:96,0
DA:97,0
DA:98,0
DA:99,0
DA:100,0
DA:101,0
DA:102,0
DA:103,0
DA:104,0
DA:105,0
DA:106,0
DA:107,1
DA:108,1
DA:109,1
DA:110,1
DA:111,1
DA:112,1
DA:113,1
DA:114,1
DA:115,3
DA:116,2
DA:117,2
DA:118,2
DA:119,3
DA:120,3
DA:121,3
DA:122,1
DA:123,1
DA:124,1
DA:125,1
DA:126,1
DA:127,1
DA:128,1
DA:129,1
DA:130,3
DA:131,2
DA:132,2
DA:133,3
DA:134,3
DA:135,1
DA:136,1
DA:137,1
DA:138,1
DA:139,1
DA:140,1
DA:141,1
DA:142,1
DA:143,1
DA:144,1
DA:145,1
DA:146,4
DA:147,1
DA:148,1
DA:149,1
DA:150,4
DA:151,4
DA:152,4
DA:153,1
DA:154,1
DA:155,1
DA:156,1
DA:157,1
DA:158,1
DA:159,1
DA:160,1
DA:161,4
DA:162,1
DA:163,1
DA:164,4
DA:165,4
DA:166,1
DA:167,1
DA:168,1
DA:169,1
DA:170,1
DA:171,1
DA:172,1
DA:173,1
DA:174,0
DA:175,0
DA:176,0
DA:177,1
DA:178,1
DA:179,1
DA:180,4
DA:181,0
DA:182,0
DA:183,4
DA:184,2
DA:185,2
DA:186,4
DA:187,4
DA:188,4
DA:189,5
DA:190,2
DA:191,5
DA:192,3
DA:193,3
DA:194,5
DA:195,4
DA:196,2
DA:197,2
DA:198,4
DA:199,1
DA:200,1
DA:201,3
DA:202,3
DA:203,3
DA:204,3
DA:205,10
DA:206,10
DA:207,5
DA:208,3
DA:209,3
DA:210,5
DA:211,2
DA:212,1
DA:213,1
DA:214,1
DA:215,1
DA:216,2
DA:217,2
DA:218,1
DA:219,1
DA:220,1
DA:221,2
DA:222,5
DA:223,5
DA:224,5
DA:225,5
DA:226,10
DA:227,3
DA:228,3
DA:229,3
DA:230,1
DA:231,1
DA:232,3
DA:233,3
DA:234,1
DA:235,1
DA:236,3
DA:237,3
DA:238,3
DA:239,3
DA:240,14
DA:241,14
DA:242,9
DA:243,6
DA:244,6
DA:245,9
DA:246,3
DA:247,1
DA:248,1
DA:249,1
DA:250,1
DA:251,3
DA:252,3
DA:253,2
DA:254,2
DA:255,2
DA:256,3
DA:257,14
DA:258,5
DA:259,5
DA:260,5
DA:261,14
DA:262,3
DA:263,3
DA:264,3
DA:265,1
DA:266,1
DA:267,3
DA:268,1
DA:269,1
DA:270,0
DA:271,0
DA:272,0
DA:273,0
DA:274,0
DA:275,0
DA:276,0
DA:277,0
DA:278,0
DA:279,0
DA:280,0
DA:281,0
DA:282,0
DA:283,1
DA:284,1
DA:285,2
DA:286,0
DA:287,0
DA:288,2
DA:289,2
DA:290,2
DA:291,6
DA:292,0
DA:293,0
DA:294,6
DA:295,6
DA:296,6
DA:297,2
DA:298,1
DA:299,1
DA:300,1
DA:301,1
DA:302,11
DA:303,11
DA:304,6
DA:305,6
DA:306,11
DA:307,11
DA:308,11
DA:309,11
DA:310,11
DA:311,15
DA:312,0
DA:313,15
DA:314,15
DA:315,15
DA:316,15
DA:317,11
DA:318,11
DA:319,1
DA:320,1
DA:321,1
DA:322,6
DA:323,6
DA:324,1
DA:325,1
DA:326,1
DA:327,1
DA:328,13
DA:329,13
DA:330,13
DA:331,13
DA:332,29
DA:333,29
DA:334,29
DA:335,13
DA:336,13
DA:337,1
DA:338,1
DA:339,1
DA:340,1
DA:341,1
DA:342,1
DA:343,3
DA:344,3
DA:345,3
DA:346,1
DA:347,1
DA:348,1
DA:349,1
LF:349
LH:301
BRDA:7,0,0,88
BRDA:19,1,0,28
BRDA:20,2,0,27
BRDA:20,3,0,27
BRDA:21,4,0,81
BRDA:24,5,0,1
BRDA:24,6,0,0
BRDA:24,7,0,0
BRDA:35,8,0,88
BRDA:38,9,0,61
BRDA:42,10,0,27
BRDA:50,11,0,2
BRDA:56,12,0,2
BRDA:60,13,0,4
BRDA:61,14,0,0
BRDA:66,15,0,10
BRDA:67,16,0,1
BRDA:75,17,0,8
BRDA:108,18,0,1
BRDA:114,19,0,3
BRDA:115,20,0,2
BRDA:125,21,0,1
BRDA:129,22,0,3
BRDA:130,23,0,2
BRDA:139,24,0,1
BRDA:145,25,0,4
BRDA:146,26,0,1
BRDA:156,27,0,1
BRDA:160,28,0,4
BRDA:161,29,0,1
BRDA:170,30,0,1
BRDA:173,31,0,0
BRDA:179,32,0,4
BRDA:180,33,0,0
BRDA:183,34,0,5
BRDA:183,35,0,2
BRDA:188,36,0,5
BRDA:189,37,0,2
BRDA:191,38,0,3
BRDA:195,39,0,3
BRDA:195,40,0,2
BRDA:200,41,0,3
BRDA:204,42,0,10
BRDA:206,43,0,5
BRDA:207,44,0,3
BRDA:210,45,0,2
BRDA:211,46,0,1
BRDA:217,47,0,1
BRDA:229,48,0,1
BRDA:235,49,0,3
BRDA:239,50,0,14
BRDA:241,51,0,9
BRDA:242,52,0,6
BRDA:245,53,0,3
BRDA:246,54,0,1
BRDA:252,55,0,2
BRDA:257,56,0,5
BRDA:264,57,0,1
BRDA:284,58,0,2
BRDA:285,59,0,0
BRDA:290,60,0,6
BRDA:291,61,0,0
BRDA:299,62,0,1
BRDA:321,63,0,6
BRDA:301,64,0,11
BRDA:303,65,0,6
BRDA:310,66,0,15
BRDA:311,67,0,0
BRDA:327,68,0,13
BRDA:331,69,0,29
BRDA:338,70,0,1
BRDA:342,71,0,3
BRF:72
BRH:64
end_of_record
