<?xml version="1.0" encoding="UTF-8"?>
<coverage generated="1641758556588" clover="3.2.0">
  <project timestamp="1641758556588" name="All files">
    <metrics statements="9" coveredstatements="9" conditionals="6" coveredconditionals="6" methods="3" coveredmethods="3" elements="18" coveredelements="18" complexity="0" loc="9" ncloc="9" packages="1" files="1" classes="1"/>
    <file name="getNumber.js" path="D:\DevEducation\Education\06-Objects_in_JS\src\getNumber.js">
      <metrics statements="9" coveredstatements="9" conditionals="6" coveredconditionals="6" methods="3" coveredmethods="3"/>
      <line num="7" count="4" type="cond" truecount="4" falsecount="0"/>
      <line num="8" count="2" type="stmt"/>
      <line num="11" count="23" type="stmt"/>
      <line num="12" count="23" type="stmt"/>
      <line num="14" count="2" type="cond" truecount="2" falsecount="0"/>
      <line num="15" count="1" type="stmt"/>
      <line num="17" count="1" type="stmt"/>
      <line num="20" count="2" type="stmt"/>
      <line num="23" count="1" type="stmt"/>
    </file>
  </project>
</coverage>
