{"D:\\DevEducation\\Education\\06-Objects_in_JS\\src\\getNumber.js": {"path":"D:\\DevEducation\\Education\\06-Objects_in_JS\\src\\getNumber.js","statementMap":{"0":{"start":{"line":7,"column":4},"end":{"line":9,"column":5}},"1":{"start":{"line":8,"column":8},"end":{"line":8,"column":21}},"2":{"start":{"line":11,"column":15},"end":{"line":11,"column":45}},"3":{"start":{"line":11,"column":33},"end":{"line":11,"column":44}},"4":{"start":{"line":12,"column":14},"end":{"line":12,"column":44}},"5":{"start":{"line":12,"column":32},"end":{"line":12,"column":43}},"6":{"start":{"line":14,"column":4},"end":{"line":18,"column":5}},"7":{"start":{"line":15,"column":8},"end":{"line":15,"column":25}},"8":{"start":{"line":17,"column":8},"end":{"line":17,"column":24}},"9":{"start":{"line":20,"column":4},"end":{"line":20,"column":18}},"10":{"start":{"line":23,"column":0},"end":{"line":23,"column":31}}},"fnMap":{"0":{"name":"getNumber","decl":{"start":{"line":4,"column":9},"end":{"line":4,"column":18}},"loc":{"start":{"line":4,"column":26},"end":{"line":21,"column":1}},"line":4},"1":{"name":"(anonymous_1)","decl":{"start":{"line":11,"column":28},"end":{"line":11,"column":29}},"loc":{"start":{"line":11,"column":33},"end":{"line":11,"column":44}},"line":11},"2":{"name":"(anonymous_2)","decl":{"start":{"line":12,"column":27},"end":{"line":12,"column":28}},"loc":{"start":{"line":12,"column":32},"end":{"line":12,"column":43}},"line":12}},"branchMap":{"0":{"loc":{"start":{"line":7,"column":4},"end":{"line":9,"column":5}},"type":"if","locations":[{"start":{"line":7,"column":4},"end":{"line":9,"column":5}},{"start":{},"end":{}}],"line":7},"1":{"loc":{"start":{"line":7,"column":8},"end":{"line":7,"column":47}},"type":"binary-expr","locations":[{"start":{"line":7,"column":8},"end":{"line":7,"column":29}},{"start":{"line":7,"column":33},"end":{"line":7,"column":47}}],"line":7},"2":{"loc":{"start":{"line":14,"column":4},"end":{"line":18,"column":5}},"type":"if","locations":[{"start":{"line":14,"column":4},"end":{"line":18,"column":5}},{"start":{"line":16,"column":11},"end":{"line":18,"column":5}}],"line":14}},"s":{"0":4,"1":2,"2":2,"3":23,"4":2,"5":23,"6":2,"7":1,"8":1,"9":2,"10":1},"f":{"0":4,"1":23,"2":23},"b":{"0":[2,2],"1":[4,2],"2":[1,1]},"_coverageSchema":"1a1c01bbd47fc00a2c39e90264f33305004495a9","hash":"fdcbce0e1af1c84345339a7cd876c4125d0ca407"}
}
